[2024-09-24 00:39:35 +0000] [2164043] [INFO] Starting gunicorn 22.0.0
[2024-09-24 00:39:35 +0000] [2164043] [INFO] Listening at: http://127.0.0.1:5000 (2164043)
[2024-09-24 00:39:35 +0000] [2164043] [INFO] Using worker: sync
[2024-09-24 00:39:35 +0000] [2164045] [INFO] Booting worker with pid: 2164045
[2024-09-24 00:39:35 +0000] [2164046] [INFO] Booting worker with pid: 2164046
[2024-09-24 00:39:35 +0000] [2164047] [INFO] Booting worker with pid: 2164047
[2024-09-24 00:39:35 +0000] [2164048] [INFO] Booting worker with pid: 2164048
runnables/train_enc_dec.py:18: UserWarning: 
The version_base parameter is not specified.
Please specify a compatability version level, or None.
Will assume defaults for version 1.1
  @hydra.main(config_name=f'config.yaml', config_path='../config/')
[[36m2024-09-24 00:39:51,231[0m][[34m__main__[0m][[32mINFO[0m] - 
model:
  dim_treatments: 4
  dim_vitals: 0
  dim_static_features: 1
  dim_outcomes: 1
  name: CRN
  encoder:
    _target_: src.models.crn.CRNEncoder
    seq_hidden_units: 24
    br_size: 18
    fc_hidden_units: 36
    dropout_rate: 0.1
    num_layer: 1
    batch_size: 1024
    optimizer:
      optimizer_cls: adam
      learning_rate: 0.005
      weight_decay: 0.0
      lr_scheduler: false
    tune_hparams: false
    tune_range: 50
    hparams_grid: null
    resources_per_trial: null
  train_decoder: true
  decoder:
    _target_: src.models.crn.CRNDecoder
    seq_hidden_units: null
    br_size: 24
    fc_hidden_units: 24
    dropout_rate: 0.2
    num_layer: 1
    batch_size: 4096
    optimizer:
      optimizer_cls: adam
      learning_rate: 0.01
      weight_decay: 0.0
      lr_scheduler: false
    tune_hparams: false
    tune_range: 30
    hparams_grid: null
    resources_per_trial: null
dataset:
  val_batch_size: 512
  treatment_mode: multiclass
  _target_: src.data.SyntheticCancerDatasetCollection
  name: tumor_generator
  coeff: 0.0
  chemo_coeff: 0.0
  radio_coeff: 0.0
  seed: 10
  num_patients:
    train: 10000
    val: 1000
    test: 1000
  window_size: 15
  lag: 0
  max_seq_length: 60
  projection_horizon: 5
  cf_seq_mode: sliding_treatment
exp:
  seed: 10
  gpus:
  - 0
  max_epochs: 200
  logging: true
  mlflow_uri: http://127.0.0.1:5000
  unscale_rmse: true
  percentage_rmse: true
  alpha: 0
  update_alpha: true
  alpha_rate: exp
  balancing: subgroup
  bce_weight: false
  weights_ema: true
  beta: 0.99
  alpha_wass: 0.0001
  alpha_wass_epoch: false
  alpha_wass_growth: 0.001
  alpha_wass_max: 0.01
  num_timepoints: 59
[0m
/opt/hpcaas/.mounts/fs-08d5b24cdba02ca24/home/yilingliu/CausalTransformer/venv/lib/python3.8/site-packages/hydra/_internal/hydra.py:119: UserWarning: Future Hydra versions will no longer change working directory at job runtime by default.
See https://hydra.cc/docs/1.2/upgrades/1.1_to_1.2/changes_to_job_working_dir/ for more information.
  ret = run_job(
Global seed set to 10
[[36m2024-09-24 00:39:51,275[0m][[34mroot[0m][[32mINFO[0m] - Simulating initial volumes for stage I  with norm params: mu=1.72, sigma=4.7, lb=-0.6221218732608373, ub=-0.023523848418276528[0m
[[36m2024-09-24 00:39:51,279[0m][[34mroot[0m][[32mINFO[0m] - Simulating initial volumes for stage II  with norm params: mu=1.96, sigma=1.63, lb=-1.9410876100159118, ub=0.3711345751297772[0m
[[36m2024-09-24 00:39:51,280[0m][[34mroot[0m][[32mINFO[0m] - Simulating initial volumes for stage IIIA  with norm params: mu=1.91, sigma=9.4, lb=-0.33127370258786554, ub=0.06967546355973796[0m
[[36m2024-09-24 00:39:51,281[0m][[34mroot[0m][[32mINFO[0m] - Simulating initial volumes for stage IIIB  with norm params: mu=2.76, sigma=6.87, lb=-0.5769974969906748, ub=-0.02839165102452155[0m
[[36m2024-09-24 00:39:51,283[0m][[34mroot[0m][[32mINFO[0m] - Simulating initial volumes for stage IV  with norm params: mu=3.86, sigma=8.82, lb=-0.5741465764541877, ub=-0.14683113860980307[0m
[[36m2024-09-24 00:39:51,321[0m][[34mroot[0m][[32mINFO[0m] - Got correlated params for 4658 patients[0m
[[36m2024-09-24 00:39:51,326[0m][[34mroot[0m][[32mINFO[0m] - Got correlated params for 9338 patients[0m
[[36m2024-09-24 00:39:51,331[0m][[34mroot[0m][[32mINFO[0m] - Got correlated params for 13912 patients[0m
[[36m2024-09-24 00:39:51,338[0m][[34mroot[0m][[32mINFO[0m] - Simulating beta_c parameters[0m
[[36m2024-09-24 00:39:51,344[0m][[34mroot[0m][[32mINFO[0m] - Randomising outputs[0m
  0%|          | 0/10000 [00:00<?, ?it/s]/opt/hpcaas/.mounts/fs-08d5b24cdba02ca24/home/yilingliu/CausalTransformer_avg/src/data/cancer_sim/cancer_simulation.py:346: RuntimeWarning: overflow encountered in exp
  if recovery_rvs[i, t] < np.exp(-cancer_volume[i, t] * TUMOUR_CELL_DENSITY):
  1%|          | 63/10000 [00:00<00:15, 629.63it/s]  1%|â–         | 128/10000 [00:00<00:15, 638.62it/s]  2%|â–         | 192/10000 [00:00<00:15, 638.01it/s]  3%|â–Ž         | 256/10000 [00:00<00:15, 620.90it/s]  3%|â–Ž         | 322/10000 [00:00<00:15, 631.79it/s]  4%|â–         | 391/10000 [00:00<00:14, 649.63it/s]  5%|â–         | 457/10000 [00:00<00:14, 650.18it/s]  5%|â–Œ         | 523/10000 [00:00<00:14, 642.60it/s]  6%|â–Œ         | 588/10000 [00:00<00:14, 636.07it/s]  7%|â–‹         | 654/10000 [00:01<00:14, 640.57it/s]  7%|â–‹         | 719/10000 [00:01<00:14, 638.52it/s]  8%|â–Š         | 783/10000 [00:01<00:14, 632.36it/s]  8%|â–Š         | 847/10000 [00:01<00:14, 624.09it/s]  9%|â–‰         | 912/10000 [00:01<00:14, 630.21it/s] 10%|â–‰         | 978/10000 [00:01<00:14, 636.58it/s] 10%|â–ˆ         | 1042/10000 [00:01<00:14, 636.89it/s] 11%|â–ˆ         | 1106/10000 [00:01<00:14, 624.60it/s] 12%|â–ˆâ–        | 1169/10000 [00:01<00:14, 625.84it/s] 12%|â–ˆâ–        | 1232/10000 [00:01<00:14, 618.40it/s] 13%|â–ˆâ–Ž        | 1294/10000 [00:02<00:14, 612.33it/s] 14%|â–ˆâ–Ž        | 1358/10000 [00:02<00:13, 617.63it/s] 14%|â–ˆâ–        | 1421/10000 [00:02<00:13, 618.98it/s] 15%|â–ˆâ–        | 1483/10000 [00:02<00:13, 617.98it/s] 16%|â–ˆâ–Œ        | 1552/10000 [00:02<00:13, 636.99it/s] 16%|â–ˆâ–Œ        | 1618/10000 [00:02<00:13, 642.96it/s] 17%|â–ˆâ–‹        | 1683/10000 [00:02<00:12, 640.65it/s] 17%|â–ˆâ–‹        | 1748/10000 [00:02<00:12, 641.51it/s] 18%|â–ˆâ–Š        | 1813/10000 [00:02<00:12, 641.85it/s] 19%|â–ˆâ–‰        | 1878/10000 [00:02<00:12, 637.53it/s] 19%|â–ˆâ–‰        | 1942/10000 [00:03<00:12, 632.26it/s] 20%|â–ˆâ–ˆ        | 2006/10000 [00:03<00:12, 628.08it/s] 21%|â–ˆâ–ˆ        | 2069/10000 [00:03<00:12, 625.79it/s] 21%|â–ˆâ–ˆâ–       | 2134/10000 [00:03<00:12, 629.79it/s] 22%|â–ˆâ–ˆâ–       | 2198/10000 [00:03<00:12, 631.98it/s] 23%|â–ˆâ–ˆâ–Ž       | 2262/10000 [00:03<00:12, 626.98it/s] 23%|â–ˆâ–ˆâ–Ž       | 2326/10000 [00:03<00:12, 629.75it/s] 24%|â–ˆâ–ˆâ–       | 2390/10000 [00:03<00:12, 629.41it/s] 25%|â–ˆâ–ˆâ–       | 2458/10000 [00:03<00:11, 643.12it/s] 25%|â–ˆâ–ˆâ–Œ       | 2524/10000 [00:03<00:11, 646.51it/s] 26%|â–ˆâ–ˆâ–Œ       | 2589/10000 [00:04<00:11, 629.20it/s] 27%|â–ˆâ–ˆâ–‹       | 2657/10000 [00:04<00:11, 641.91it/s] 27%|â–ˆâ–ˆâ–‹       | 2724/10000 [00:04<00:11, 648.77it/s] 28%|â–ˆâ–ˆâ–Š       | 2789/10000 [00:04<00:11, 644.87it/s] 29%|â–ˆâ–ˆâ–Š       | 2854/10000 [00:04<00:11, 645.86it/s] 29%|â–ˆâ–ˆâ–‰       | 2919/10000 [00:04<00:10, 646.68it/s] 30%|â–ˆâ–ˆâ–‰       | 2985/10000 [00:04<00:10, 649.29it/s] 31%|â–ˆâ–ˆâ–ˆ       | 3053/10000 [00:04<00:10, 655.16it/s] 31%|â–ˆâ–ˆâ–ˆ       | 3119/10000 [00:04<00:10, 648.34it/s] 32%|â–ˆâ–ˆâ–ˆâ–      | 3184/10000 [00:05<00:10, 620.75it/s] 32%|â–ˆâ–ˆâ–ˆâ–      | 3247/10000 [00:05<00:12, 561.85it/s] 33%|â–ˆâ–ˆâ–ˆâ–Ž      | 3310/10000 [00:05<00:11, 579.86it/s] 34%|â–ˆâ–ˆâ–ˆâ–Ž      | 3374/10000 [00:05<00:11, 594.47it/s] 34%|â–ˆâ–ˆâ–ˆâ–      | 3439/10000 [00:05<00:10, 609.13it/s] 35%|â–ˆâ–ˆâ–ˆâ–Œ      | 3501/10000 [00:05<00:10, 610.38it/s] 36%|â–ˆâ–ˆâ–ˆâ–Œ      | 3571/10000 [00:05<00:10, 633.21it/s] 36%|â–ˆâ–ˆâ–ˆâ–‹      | 3637/10000 [00:05<00:09, 640.27it/s] 37%|â–ˆâ–ˆâ–ˆâ–‹      | 3702/10000 [00:05<00:10, 627.22it/s] 38%|â–ˆâ–ˆâ–ˆâ–Š      | 3769/10000 [00:05<00:09, 637.03it/s] 38%|â–ˆâ–ˆâ–ˆâ–Š      | 3833/10000 [00:06<00:09, 633.28it/s] 39%|â–ˆâ–ˆâ–ˆâ–‰      | 3897/10000 [00:06<00:09, 632.56it/s] 40%|â–ˆâ–ˆâ–ˆâ–‰      | 3963/10000 [00:06<00:09, 637.37it/s] 40%|â–ˆâ–ˆâ–ˆâ–ˆ      | 4029/10000 [00:06<00:09, 642.84it/s] 41%|â–ˆâ–ˆâ–ˆâ–ˆ      | 4094/10000 [00:06<00:09, 635.95it/s] 42%|â–ˆâ–ˆâ–ˆâ–ˆâ–     | 4158/10000 [00:06<00:09, 632.30it/s] 42%|â–ˆâ–ˆâ–ˆâ–ˆâ–     | 4222/10000 [00:06<00:09, 626.20it/s] 43%|â–ˆâ–ˆâ–ˆâ–ˆâ–Ž     | 4288/10000 [00:06<00:08, 635.55it/s] 44%|â–ˆâ–ˆâ–ˆâ–ˆâ–Ž     | 4352/10000 [00:06<00:08, 629.84it/s] 44%|â–ˆâ–ˆâ–ˆâ–ˆâ–     | 4417/10000 [00:06<00:08, 634.66it/s] 45%|â–ˆâ–ˆâ–ˆâ–ˆâ–     | 4483/10000 [00:07<00:08, 639.37it/s] 45%|â–ˆâ–ˆâ–ˆâ–ˆâ–Œ     | 4547/10000 [00:07<00:08, 633.48it/s] 46%|â–ˆâ–ˆâ–ˆâ–ˆâ–Œ     | 4611/10000 [00:07<00:08, 629.04it/s] 47%|â–ˆâ–ˆâ–ˆâ–ˆâ–‹     | 4675/10000 [00:07<00:08, 631.84it/s] 47%|â–ˆâ–ˆâ–ˆâ–ˆâ–‹     | 4739/10000 [00:07<00:08, 617.59it/s] 48%|â–ˆâ–ˆâ–ˆâ–ˆâ–Š     | 4806/10000 [00:07<00:08, 630.40it/s] 49%|â–ˆâ–ˆâ–ˆâ–ˆâ–Š     | 4870/10000 [00:07<00:08, 631.51it/s] 49%|â–ˆâ–ˆâ–ˆâ–ˆâ–‰     | 4934/10000 [00:07<00:08, 625.99it/s] 50%|â–ˆâ–ˆâ–ˆâ–ˆâ–‰     | 4997/10000 [00:07<00:08, 624.15it/s] 51%|â–ˆâ–ˆâ–ˆâ–ˆâ–ˆ     | 5060/10000 [00:08<00:08, 614.06it/s] 51%|â–ˆâ–ˆâ–ˆâ–ˆâ–ˆ     | 5122/10000 [00:08<00:07, 613.73it/s] 52%|â–ˆâ–ˆâ–ˆâ–ˆâ–ˆâ–    | 5186/10000 [00:08<00:07, 620.20it/s] 53%|â–ˆâ–ˆâ–ˆâ–ˆâ–ˆâ–Ž    | 5251/10000 [00:08<00:07, 627.50it/s] 53%|â–ˆâ–ˆâ–ˆâ–ˆâ–ˆâ–Ž    | 5318/10000 [00:08<00:07, 640.02it/s] 54%|â–ˆâ–ˆâ–ˆâ–ˆâ–ˆâ–    | 5386/10000 [00:08<00:07, 648.99it/s] 55%|â–ˆâ–ˆâ–ˆâ–ˆâ–ˆâ–    | 5453/10000 [00:08<00:06, 652.11it/s] 55%|â–ˆâ–ˆâ–ˆâ–ˆâ–ˆâ–Œ    | 5522/10000 [00:08<00:06, 660.80it/s] 56%|â–ˆâ–ˆâ–ˆâ–ˆâ–ˆâ–Œ    | 5589/10000 [00:08<00:06, 660.31it/s] 57%|â–ˆâ–ˆâ–ˆâ–ˆâ–ˆâ–‹    | 5657/10000 [00:08<00:06, 665.92it/s] 57%|â–ˆâ–ˆâ–ˆâ–ˆâ–ˆâ–‹    | 5724/10000 [00:09<00:06, 655.19it/s] 58%|â–ˆâ–ˆâ–ˆâ–ˆâ–ˆâ–Š    | 5790/10000 [00:09<00:06, 655.28it/s] 59%|â–ˆâ–ˆâ–ˆâ–ˆâ–ˆâ–Š    | 5858/10000 [00:09<00:06, 659.22it/s] 59%|â–ˆâ–ˆâ–ˆâ–ˆâ–ˆâ–‰    | 5924/10000 [00:09<00:06, 638.40it/s] 60%|â–ˆâ–ˆâ–ˆâ–ˆâ–ˆâ–‰    | 5988/10000 [00:09<00:06, 634.63it/s] 61%|â–ˆâ–ˆâ–ˆâ–ˆâ–ˆâ–ˆ    | 6052/10000 [00:09<00:06, 634.23it/s] 61%|â–ˆâ–ˆâ–ˆâ–ˆâ–ˆâ–ˆ    | 6116/10000 [00:09<00:06, 627.78it/s] 62%|â–ˆâ–ˆâ–ˆâ–ˆâ–ˆâ–ˆâ–   | 6181/10000 [00:09<00:06, 631.48it/s] 62%|â–ˆâ–ˆâ–ˆâ–ˆâ–ˆâ–ˆâ–   | 6247/10000 [00:09<00:05, 636.66it/s] 63%|â–ˆâ–ˆâ–ˆâ–ˆâ–ˆâ–ˆâ–Ž   | 6311/10000 [00:09<00:05, 632.36it/s] 64%|â–ˆâ–ˆâ–ˆâ–ˆâ–ˆâ–ˆâ–   | 6381/10000 [00:10<00:05, 651.20it/s] 64%|â–ˆâ–ˆâ–ˆâ–ˆâ–ˆâ–ˆâ–   | 6447/10000 [00:10<00:05, 641.05it/s] 65%|â–ˆâ–ˆâ–ˆâ–ˆâ–ˆâ–ˆâ–Œ   | 6512/10000 [00:10<00:05, 643.52it/s] 66%|â–ˆâ–ˆâ–ˆâ–ˆâ–ˆâ–ˆâ–Œ   | 6577/10000 [00:10<00:05, 645.26it/s] 66%|â–ˆâ–ˆâ–ˆâ–ˆâ–ˆâ–ˆâ–‹   | 6642/10000 [00:10<00:05, 632.78it/s] 67%|â–ˆâ–ˆâ–ˆâ–ˆâ–ˆâ–ˆâ–‹   | 6706/10000 [00:10<00:05, 629.91it/s] 68%|â–ˆâ–ˆâ–ˆâ–ˆâ–ˆâ–ˆâ–Š   | 6771/10000 [00:10<00:05, 633.64it/s] 68%|â–ˆâ–ˆâ–ˆâ–ˆâ–ˆâ–ˆâ–Š   | 6835/10000 [00:10<00:05, 625.63it/s] 69%|â–ˆâ–ˆâ–ˆâ–ˆâ–ˆâ–ˆâ–‰   | 6898/10000 [00:10<00:04, 626.60it/s] 70%|â–ˆâ–ˆâ–ˆâ–ˆâ–ˆâ–ˆâ–‰   | 6962/10000 [00:10<00:04, 627.91it/s] 70%|â–ˆâ–ˆâ–ˆâ–ˆâ–ˆâ–ˆâ–ˆ   | 7025/10000 [00:11<00:04, 625.39it/s] 71%|â–ˆâ–ˆâ–ˆâ–ˆâ–ˆâ–ˆâ–ˆ   | 7089/10000 [00:11<00:04, 629.28it/s] 72%|â–ˆâ–ˆâ–ˆâ–ˆâ–ˆâ–ˆâ–ˆâ–  | 7155/10000 [00:11<00:04, 636.89it/s] 72%|â–ˆâ–ˆâ–ˆâ–ˆâ–ˆâ–ˆâ–ˆâ–  | 7223/10000 [00:11<00:04, 646.77it/s] 73%|â–ˆâ–ˆâ–ˆâ–ˆâ–ˆâ–ˆâ–ˆâ–Ž  | 7288/10000 [00:11<00:04, 643.51it/s] 74%|â–ˆâ–ˆâ–ˆâ–ˆâ–ˆâ–ˆâ–ˆâ–Ž  | 7353/10000 [00:11<00:04, 643.25it/s] 74%|â–ˆâ–ˆâ–ˆâ–ˆâ–ˆâ–ˆâ–ˆâ–  | 7418/10000 [00:11<00:04, 642.97it/s] 75%|â–ˆâ–ˆâ–ˆâ–ˆâ–ˆâ–ˆâ–ˆâ–  | 7483/10000 [00:11<00:03, 638.01it/s] 75%|â–ˆâ–ˆâ–ˆâ–ˆâ–ˆâ–ˆâ–ˆâ–Œ  | 7548/10000 [00:11<00:03, 639.40it/s] 76%|â–ˆâ–ˆâ–ˆâ–ˆâ–ˆâ–ˆâ–ˆâ–Œ  | 7613/10000 [00:12<00:03, 640.85it/s] 77%|â–ˆâ–ˆâ–ˆâ–ˆâ–ˆâ–ˆâ–ˆâ–‹  | 7679/10000 [00:12<00:03, 644.58it/s] 77%|â–ˆâ–ˆâ–ˆâ–ˆâ–ˆâ–ˆâ–ˆâ–‹  | 7746/10000 [00:12<00:03, 650.93it/s] 78%|â–ˆâ–ˆâ–ˆâ–ˆâ–ˆâ–ˆâ–ˆâ–Š  | 7814/10000 [00:12<00:03, 656.34it/s] 79%|â–ˆâ–ˆâ–ˆâ–ˆâ–ˆâ–ˆâ–ˆâ–‰  | 7880/10000 [00:12<00:03, 654.09it/s] 79%|â–ˆâ–ˆâ–ˆâ–ˆâ–ˆâ–ˆâ–ˆâ–‰  | 7946/10000 [00:12<00:03, 651.03it/s] 80%|â–ˆâ–ˆâ–ˆâ–ˆâ–ˆâ–ˆâ–ˆâ–ˆ  | 8012/10000 [00:12<00:03, 649.70it/s] 81%|â–ˆâ–ˆâ–ˆâ–ˆâ–ˆâ–ˆâ–ˆâ–ˆ  | 8077/10000 [00:12<00:03, 632.52it/s] 81%|â–ˆâ–ˆâ–ˆâ–ˆâ–ˆâ–ˆâ–ˆâ–ˆâ– | 8141/10000 [00:12<00:02, 624.26it/s] 82%|â–ˆâ–ˆâ–ˆâ–ˆâ–ˆâ–ˆâ–ˆâ–ˆâ– | 8204/10000 [00:12<00:02, 623.23it/s] 83%|â–ˆâ–ˆâ–ˆâ–ˆâ–ˆâ–ˆâ–ˆâ–ˆâ–Ž | 8268/10000 [00:13<00:02, 627.64it/s] 83%|â–ˆâ–ˆâ–ˆâ–ˆâ–ˆâ–ˆâ–ˆâ–ˆâ–Ž | 8332/10000 [00:13<00:02, 631.22it/s] 84%|â–ˆâ–ˆâ–ˆâ–ˆâ–ˆâ–ˆâ–ˆâ–ˆâ– | 8396/10000 [00:13<00:02, 617.11it/s] 85%|â–ˆâ–ˆâ–ˆâ–ˆâ–ˆâ–ˆâ–ˆâ–ˆâ– | 8459/10000 [00:13<00:02, 620.85it/s] 85%|â–ˆâ–ˆâ–ˆâ–ˆâ–ˆâ–ˆâ–ˆâ–ˆâ–Œ | 8523/10000 [00:13<00:02, 623.88it/s] 86%|â–ˆâ–ˆâ–ˆâ–ˆâ–ˆâ–ˆâ–ˆâ–ˆâ–Œ | 8586/10000 [00:13<00:02, 613.87it/s] 87%|â–ˆâ–ˆâ–ˆâ–ˆâ–ˆâ–ˆâ–ˆâ–ˆâ–‹ | 8653/10000 [00:13<00:02, 628.80it/s] 87%|â–ˆâ–ˆâ–ˆâ–ˆâ–ˆâ–ˆâ–ˆâ–ˆâ–‹ | 8717/10000 [00:13<00:02, 630.13it/s] 88%|â–ˆâ–ˆâ–ˆâ–ˆâ–ˆâ–ˆâ–ˆâ–ˆâ–Š | 8781/10000 [00:13<00:01, 628.85it/s] 88%|â–ˆâ–ˆâ–ˆâ–ˆâ–ˆâ–ˆâ–ˆâ–ˆâ–Š | 8844/10000 [00:13<00:01, 626.15it/s] 89%|â–ˆâ–ˆâ–ˆâ–ˆâ–ˆâ–ˆâ–ˆâ–ˆâ–‰ | 8907/10000 [00:14<00:01, 626.51it/s] 90%|â–ˆâ–ˆâ–ˆâ–ˆâ–ˆâ–ˆâ–ˆâ–ˆâ–‰ | 8971/10000 [00:14<00:01, 629.77it/s] 90%|â–ˆâ–ˆâ–ˆâ–ˆâ–ˆâ–ˆâ–ˆâ–ˆâ–ˆ | 9034/10000 [00:14<00:01, 622.38it/s] 91%|â–ˆâ–ˆâ–ˆâ–ˆâ–ˆâ–ˆâ–ˆâ–ˆâ–ˆ | 9097/10000 [00:14<00:01, 619.83it/s] 92%|â–ˆâ–ˆâ–ˆâ–ˆâ–ˆâ–ˆâ–ˆâ–ˆâ–ˆâ–| 9162/10000 [00:14<00:01, 626.97it/s] 92%|â–ˆâ–ˆâ–ˆâ–ˆâ–ˆâ–ˆâ–ˆâ–ˆâ–ˆâ–| 9227/10000 [00:14<00:01, 630.85it/s] 93%|â–ˆâ–ˆâ–ˆâ–ˆâ–ˆâ–ˆâ–ˆâ–ˆâ–ˆâ–Ž| 9291/10000 [00:14<00:01, 633.49it/s] 94%|â–ˆâ–ˆâ–ˆâ–ˆâ–ˆâ–ˆâ–ˆâ–ˆâ–ˆâ–Ž| 9357/10000 [00:14<00:01, 639.57it/s] 94%|â–ˆâ–ˆâ–ˆâ–ˆâ–ˆâ–ˆâ–ˆâ–ˆâ–ˆâ–| 9421/10000 [00:14<00:00, 634.95it/s] 95%|â–ˆâ–ˆâ–ˆâ–ˆâ–ˆâ–ˆâ–ˆâ–ˆâ–ˆâ–| 9485/10000 [00:14<00:00, 630.59it/s] 96%|â–ˆâ–ˆâ–ˆâ–ˆâ–ˆâ–ˆâ–ˆâ–ˆâ–ˆâ–Œ| 9554/10000 [00:15<00:00, 647.67it/s] 96%|â–ˆâ–ˆâ–ˆâ–ˆâ–ˆâ–ˆâ–ˆâ–ˆâ–ˆâ–Œ| 9619/10000 [00:15<00:00, 641.43it/s] 97%|â–ˆâ–ˆâ–ˆâ–ˆâ–ˆâ–ˆâ–ˆâ–ˆâ–ˆâ–‹| 9684/10000 [00:15<00:00, 637.56it/s] 97%|â–ˆâ–ˆâ–ˆâ–ˆâ–ˆâ–ˆâ–ˆâ–ˆâ–ˆâ–‹| 9748/10000 [00:15<00:00, 635.62it/s] 98%|â–ˆâ–ˆâ–ˆâ–ˆâ–ˆâ–ˆâ–ˆâ–ˆâ–ˆâ–Š| 9813/10000 [00:15<00:00, 637.18it/s] 99%|â–ˆâ–ˆâ–ˆâ–ˆâ–ˆâ–ˆâ–ˆâ–ˆâ–ˆâ–‰| 9880/10000 [00:15<00:00, 643.88it/s] 99%|â–ˆâ–ˆâ–ˆâ–ˆâ–ˆâ–ˆâ–ˆâ–ˆâ–ˆâ–‰| 9945/10000 [00:15<00:00, 633.79it/s]100%|â–ˆâ–ˆâ–ˆâ–ˆâ–ˆâ–ˆâ–ˆâ–ˆâ–ˆâ–ˆ| 10000/10000 [00:15<00:00, 633.63it/s][[36m2024-09-24 00:40:07,172[0m][[34mroot[0m][[32mINFO[0m] - Simulating initial volumes for stage I  with norm params: mu=1.72, sigma=4.7, lb=-0.6221218732608373, ub=-0.023523848418276528[0m
[[36m2024-09-24 00:40:07,176[0m][[34mroot[0m][[32mINFO[0m] - Simulating initial volumes for stage II  with norm params: mu=1.96, sigma=1.63, lb=-1.9410876100159118, ub=0.3711345751297772[0m
[[36m2024-09-24 00:40:07,177[0m][[34mroot[0m][[32mINFO[0m] - Simulating initial volumes for stage IIIA  with norm params: mu=1.91, sigma=9.4, lb=-0.33127370258786554, ub=0.06967546355973796[0m
[[36m2024-09-24 00:40:07,177[0m][[34mroot[0m][[32mINFO[0m] - Simulating initial volumes for stage IIIB  with norm params: mu=2.76, sigma=6.87, lb=-0.5769974969906748, ub=-0.02839165102452155[0m
[[36m2024-09-24 00:40:07,178[0m][[34mroot[0m][[32mINFO[0m] - Simulating initial volumes for stage IV  with norm params: mu=3.86, sigma=8.82, lb=-0.5741465764541877, ub=-0.14683113860980307[0m
[[36m2024-09-24 00:40:07,180[0m][[34mroot[0m][[32mINFO[0m] - Got correlated params for 464 patients[0m
[[36m2024-09-24 00:40:07,182[0m][[34mroot[0m][[32mINFO[0m] - Got correlated params for 942 patients[0m
[[36m2024-09-24 00:40:07,183[0m][[34mroot[0m][[32mINFO[0m] - Got correlated params for 1398 patients[0m
[[36m2024-09-24 00:40:07,184[0m][[34mroot[0m][[32mINFO[0m] - Simulating beta_c parameters[0m
[[36m2024-09-24 00:40:07,185[0m][[34mroot[0m][[32mINFO[0m] - Randomising outputs[0m

  0%|          | 0/1000 [00:00<?, ?it/s]  7%|â–‹         | 68/1000 [00:00<00:01, 673.24it/s] 14%|â–ˆâ–Ž        | 136/1000 [00:00<00:01, 657.99it/s] 20%|â–ˆâ–ˆ        | 202/1000 [00:00<00:01, 649.48it/s] 27%|â–ˆâ–ˆâ–‹       | 268/1000 [00:00<00:01, 653.08it/s] 33%|â–ˆâ–ˆâ–ˆâ–Ž      | 334/1000 [00:00<00:01, 643.60it/s] 40%|â–ˆâ–ˆâ–ˆâ–ˆ      | 401/1000 [00:00<00:00, 651.04it/s] 47%|â–ˆâ–ˆâ–ˆâ–ˆâ–‹     | 467/1000 [00:00<00:00, 645.25it/s] 53%|â–ˆâ–ˆâ–ˆâ–ˆâ–ˆâ–Ž    | 532/1000 [00:00<00:00, 641.45it/s] 60%|â–ˆâ–ˆâ–ˆâ–ˆâ–ˆâ–‰    | 597/1000 [00:00<00:00, 641.24it/s] 66%|â–ˆâ–ˆâ–ˆâ–ˆâ–ˆâ–ˆâ–‹   | 665/1000 [00:01<00:00, 649.62it/s] 73%|â–ˆâ–ˆâ–ˆâ–ˆâ–ˆâ–ˆâ–ˆâ–Ž  | 731/1000 [00:01<00:00, 649.93it/s] 80%|â–ˆâ–ˆâ–ˆâ–ˆâ–ˆâ–ˆâ–ˆâ–‰  | 799/1000 [00:01<00:00, 656.11it/s] 86%|â–ˆâ–ˆâ–ˆâ–ˆâ–ˆâ–ˆâ–ˆâ–ˆâ–‹ | 865/1000 [00:01<00:00, 638.50it/s] 93%|â–ˆâ–ˆâ–ˆâ–ˆâ–ˆâ–ˆâ–ˆâ–ˆâ–ˆâ–Ž| 930/1000 [00:01<00:00, 640.06it/s]100%|â–ˆâ–ˆâ–ˆâ–ˆâ–ˆâ–ˆâ–ˆâ–ˆâ–ˆâ–‰| 995/1000 [00:01<00:00, 634.80it/s]100%|â–ˆâ–ˆâ–ˆâ–ˆâ–ˆâ–ˆâ–ˆâ–ˆâ–ˆâ–ˆ| 1000/1000 [00:01<00:00, 644.38it/s][[36m2024-09-24 00:40:08,745[0m][[34mroot[0m][[32mINFO[0m] - Simulating initial volumes for stage I  with norm params: mu=1.72, sigma=4.7, lb=-0.6221218732608373, ub=-0.023523848418276528[0m
[[36m2024-09-24 00:40:08,748[0m][[34mroot[0m][[32mINFO[0m] - Simulating initial volumes for stage II  with norm params: mu=1.96, sigma=1.63, lb=-1.9410876100159118, ub=0.3711345751297772[0m
[[36m2024-09-24 00:40:08,749[0m][[34mroot[0m][[32mINFO[0m] - Simulating initial volumes for stage IIIA  with norm params: mu=1.91, sigma=9.4, lb=-0.33127370258786554, ub=0.06967546355973796[0m
[[36m2024-09-24 00:40:08,750[0m][[34mroot[0m][[32mINFO[0m] - Simulating initial volumes for stage IIIB  with norm params: mu=2.76, sigma=6.87, lb=-0.5769974969906748, ub=-0.02839165102452155[0m
[[36m2024-09-24 00:40:08,750[0m][[34mroot[0m][[32mINFO[0m] - Simulating initial volumes for stage IV  with norm params: mu=3.86, sigma=8.82, lb=-0.5741465764541877, ub=-0.14683113860980307[0m
[[36m2024-09-24 00:40:08,752[0m][[34mroot[0m][[32mINFO[0m] - Got correlated params for 491 patients[0m
[[36m2024-09-24 00:40:08,754[0m][[34mroot[0m][[32mINFO[0m] - Got correlated params for 936 patients[0m
[[36m2024-09-24 00:40:08,755[0m][[34mroot[0m][[32mINFO[0m] - Got correlated params for 1396 patients[0m
[[36m2024-09-24 00:40:08,756[0m][[34mroot[0m][[32mINFO[0m] - Simulating beta_c parameters[0m
[[36m2024-09-24 00:40:08,757[0m][[34mroot[0m][[32mINFO[0m] - Randomising outputs[0m

  0%|          | 0/1000 [00:00<?, ?it/s]  1%|â–         | 13/1000 [00:00<00:07, 126.54it/s]  3%|â–Ž         | 28/1000 [00:00<00:07, 137.94it/s]  4%|â–         | 44/1000 [00:00<00:06, 143.44it/s]  6%|â–Œ         | 59/1000 [00:00<00:06, 145.01it/s]  7%|â–‹         | 74/1000 [00:00<00:06, 141.92it/s]  9%|â–‰         | 89/1000 [00:00<00:06, 136.96it/s] 10%|â–ˆ         | 103/1000 [00:00<00:06, 134.76it/s] 12%|â–ˆâ–        | 118/1000 [00:00<00:06, 137.45it/s] 13%|â–ˆâ–Ž        | 132/1000 [00:00<00:06, 132.88it/s] 15%|â–ˆâ–        | 146/1000 [00:01<00:06, 130.68it/s] 16%|â–ˆâ–Œ        | 160/1000 [00:01<00:06, 132.61it/s] 17%|â–ˆâ–‹        | 174/1000 [00:01<00:06, 131.72it/s] 19%|â–ˆâ–‰        | 188/1000 [00:01<00:06, 131.90it/s] 20%|â–ˆâ–ˆ        | 205/1000 [00:01<00:05, 139.81it/s] 22%|â–ˆâ–ˆâ–       | 221/1000 [00:01<00:05, 143.25it/s]/opt/hpcaas/.mounts/fs-08d5b24cdba02ca24/home/yilingliu/CausalTransformer_avg/src/data/cancer_sim/cancer_simulation.py:39: RuntimeWarning: invalid value encountered in scalar power
  return ((volume / (4 / 3 * np.pi)) ** (1 / 3)) * 2
 24%|â–ˆâ–ˆâ–Ž       | 236/1000 [00:01<00:05, 143.73it/s] 25%|â–ˆâ–ˆâ–Œ       | 252/1000 [00:01<00:05, 145.16it/s] 27%|â–ˆâ–ˆâ–‹       | 267/1000 [00:01<00:05, 140.97it/s] 28%|â–ˆâ–ˆâ–Š       | 282/1000 [00:02<00:05, 140.00it/s] 30%|â–ˆâ–ˆâ–‰       | 297/1000 [00:02<00:05, 134.04it/s] 31%|â–ˆâ–ˆâ–ˆ       | 311/1000 [00:02<00:05, 135.13it/s] 32%|â–ˆâ–ˆâ–ˆâ–Ž      | 325/1000 [00:02<00:04, 136.33it/s] 34%|â–ˆâ–ˆâ–ˆâ–      | 339/1000 [00:02<00:04, 135.19it/s] 35%|â–ˆâ–ˆâ–ˆâ–Œ      | 353/1000 [00:02<00:04, 133.85it/s] 37%|â–ˆâ–ˆâ–ˆâ–‹      | 367/1000 [00:02<00:04, 132.01it/s] 38%|â–ˆâ–ˆâ–ˆâ–Š      | 381/1000 [00:02<00:04, 130.26it/s] 40%|â–ˆâ–ˆâ–ˆâ–‰      | 395/1000 [00:02<00:04, 128.88it/s] 41%|â–ˆâ–ˆâ–ˆâ–ˆ      | 411/1000 [00:03<00:04, 136.17it/s] 42%|â–ˆâ–ˆâ–ˆâ–ˆâ–Ž     | 425/1000 [00:03<00:04, 134.93it/s] 44%|â–ˆâ–ˆâ–ˆâ–ˆâ–     | 439/1000 [00:03<00:04, 133.29it/s] 45%|â–ˆâ–ˆâ–ˆâ–ˆâ–Œ     | 453/1000 [00:03<00:04, 132.49it/s] 47%|â–ˆâ–ˆâ–ˆâ–ˆâ–‹     | 467/1000 [00:03<00:04, 131.46it/s] 48%|â–ˆâ–ˆâ–ˆâ–ˆâ–Š     | 484/1000 [00:03<00:03, 141.44it/s] 50%|â–ˆâ–ˆâ–ˆâ–ˆâ–‰     | 499/1000 [00:03<00:03, 137.67it/s] 51%|â–ˆâ–ˆâ–ˆâ–ˆâ–ˆâ–    | 513/1000 [00:03<00:03, 137.84it/s] 53%|â–ˆâ–ˆâ–ˆâ–ˆâ–ˆâ–Ž    | 528/1000 [00:03<00:03, 139.65it/s] 54%|â–ˆâ–ˆâ–ˆâ–ˆâ–ˆâ–    | 542/1000 [00:03<00:03, 137.35it/s] 56%|â–ˆâ–ˆâ–ˆâ–ˆâ–ˆâ–Œ    | 556/1000 [00:04<00:03, 137.44it/s] 57%|â–ˆâ–ˆâ–ˆâ–ˆâ–ˆâ–‹    | 572/1000 [00:04<00:03, 142.60it/s] 59%|â–ˆâ–ˆâ–ˆâ–ˆâ–ˆâ–Š    | 587/1000 [00:04<00:02, 139.26it/s] 60%|â–ˆâ–ˆâ–ˆâ–ˆâ–ˆâ–ˆ    | 601/1000 [00:04<00:02, 133.33it/s] 62%|â–ˆâ–ˆâ–ˆâ–ˆâ–ˆâ–ˆâ–   | 616/1000 [00:04<00:02, 135.66it/s] 63%|â–ˆâ–ˆâ–ˆâ–ˆâ–ˆâ–ˆâ–Ž   | 632/1000 [00:04<00:02, 141.17it/s] 65%|â–ˆâ–ˆâ–ˆâ–ˆâ–ˆâ–ˆâ–   | 647/1000 [00:04<00:02, 138.51it/s] 66%|â–ˆâ–ˆâ–ˆâ–ˆâ–ˆâ–ˆâ–Œ   | 662/1000 [00:04<00:02, 140.43it/s] 68%|â–ˆâ–ˆâ–ˆâ–ˆâ–ˆâ–ˆâ–Š   | 677/1000 [00:04<00:02, 139.36it/s] 69%|â–ˆâ–ˆâ–ˆâ–ˆâ–ˆâ–ˆâ–‰   | 692/1000 [00:05<00:02, 139.75it/s] 71%|â–ˆâ–ˆâ–ˆâ–ˆâ–ˆâ–ˆâ–ˆ   | 706/1000 [00:05<00:02, 136.55it/s] 72%|â–ˆâ–ˆâ–ˆâ–ˆâ–ˆâ–ˆâ–ˆâ–  | 721/1000 [00:05<00:02, 137.37it/s] 74%|â–ˆâ–ˆâ–ˆâ–ˆâ–ˆâ–ˆâ–ˆâ–Ž  | 735/1000 [00:05<00:01, 136.07it/s] 75%|â–ˆâ–ˆâ–ˆâ–ˆâ–ˆâ–ˆâ–ˆâ–Œ  | 750/1000 [00:05<00:01, 138.22it/s] 76%|â–ˆâ–ˆâ–ˆâ–ˆâ–ˆâ–ˆâ–ˆâ–‹  | 764/1000 [00:05<00:01, 136.38it/s] 78%|â–ˆâ–ˆâ–ˆâ–ˆâ–ˆâ–ˆâ–ˆâ–Š  | 779/1000 [00:05<00:01, 138.50it/s] 79%|â–ˆâ–ˆâ–ˆâ–ˆâ–ˆâ–ˆâ–ˆâ–‰  | 793/1000 [00:05<00:01, 138.67it/s] 81%|â–ˆâ–ˆâ–ˆâ–ˆâ–ˆâ–ˆâ–ˆâ–ˆ  | 807/1000 [00:05<00:01, 135.81it/s] 82%|â–ˆâ–ˆâ–ˆâ–ˆâ–ˆâ–ˆâ–ˆâ–ˆâ– | 821/1000 [00:06<00:01, 133.52it/s] 84%|â–ˆâ–ˆâ–ˆâ–ˆâ–ˆâ–ˆâ–ˆâ–ˆâ–Ž | 836/1000 [00:06<00:01, 135.99it/s] 85%|â–ˆâ–ˆâ–ˆâ–ˆâ–ˆâ–ˆâ–ˆâ–ˆâ–Œ | 850/1000 [00:06<00:01, 133.26it/s] 86%|â–ˆâ–ˆâ–ˆâ–ˆâ–ˆâ–ˆâ–ˆâ–ˆâ–‹ | 865/1000 [00:06<00:00, 136.37it/s] 88%|â–ˆâ–ˆâ–ˆâ–ˆâ–ˆâ–ˆâ–ˆâ–ˆâ–Š | 879/1000 [00:06<00:00, 136.13it/s] 89%|â–ˆâ–ˆâ–ˆâ–ˆâ–ˆâ–ˆâ–ˆâ–ˆâ–‰ | 893/1000 [00:06<00:00, 136.48it/s] 91%|â–ˆâ–ˆâ–ˆâ–ˆâ–ˆâ–ˆâ–ˆâ–ˆâ–ˆ | 909/1000 [00:06<00:00, 142.86it/s] 92%|â–ˆâ–ˆâ–ˆâ–ˆâ–ˆâ–ˆâ–ˆâ–ˆâ–ˆâ–| 924/1000 [00:06<00:00, 142.17it/s] 94%|â–ˆâ–ˆâ–ˆâ–ˆâ–ˆâ–ˆâ–ˆâ–ˆâ–ˆâ–| 939/1000 [00:06<00:00, 140.03it/s] 95%|â–ˆâ–ˆâ–ˆâ–ˆâ–ˆâ–ˆâ–ˆâ–ˆâ–ˆâ–Œ| 954/1000 [00:06<00:00, 139.43it/s] 97%|â–ˆâ–ˆâ–ˆâ–ˆâ–ˆâ–ˆâ–ˆâ–ˆâ–ˆâ–‹| 969/1000 [00:07<00:00, 139.22it/s] 98%|â–ˆâ–ˆâ–ˆâ–ˆâ–ˆâ–ˆâ–ˆâ–ˆâ–ˆâ–Š| 983/1000 [00:07<00:00, 138.24it/s]100%|â–ˆâ–ˆâ–ˆâ–ˆâ–ˆâ–ˆâ–ˆâ–ˆâ–ˆâ–‰| 998/1000 [00:07<00:00, 138.36it/s]100%|â–ˆâ–ˆâ–ˆâ–ˆâ–ˆâ–ˆâ–ˆâ–ˆâ–ˆâ–ˆ| 1000/1000 [00:07<00:00, 137.09it/s]Call to simulate counterfactuals data
[[36m2024-09-24 00:40:16,054[0m][[34mroot[0m][[32mINFO[0m] - Simulating initial volumes for stage I  with norm params: mu=1.72, sigma=4.7, lb=-0.6221218732608373, ub=-0.023523848418276528[0m
[[36m2024-09-24 00:40:16,056[0m][[34mroot[0m][[32mINFO[0m] - Simulating initial volumes for stage II  with norm params: mu=1.96, sigma=1.63, lb=-1.9410876100159118, ub=0.3711345751297772[0m
[[36m2024-09-24 00:40:16,057[0m][[34mroot[0m][[32mINFO[0m] - Simulating initial volumes for stage IIIA  with norm params: mu=1.91, sigma=9.4, lb=-0.33127370258786554, ub=0.06967546355973796[0m
[[36m2024-09-24 00:40:16,058[0m][[34mroot[0m][[32mINFO[0m] - Simulating initial volumes for stage IIIB  with norm params: mu=2.76, sigma=6.87, lb=-0.5769974969906748, ub=-0.02839165102452155[0m
[[36m2024-09-24 00:40:16,058[0m][[34mroot[0m][[32mINFO[0m] - Simulating initial volumes for stage IV  with norm params: mu=3.86, sigma=8.82, lb=-0.5741465764541877, ub=-0.14683113860980307[0m
[[36m2024-09-24 00:40:16,060[0m][[34mroot[0m][[32mINFO[0m] - Got correlated params for 434 patients[0m
[[36m2024-09-24 00:40:16,062[0m][[34mroot[0m][[32mINFO[0m] - Got correlated params for 874 patients[0m
[[36m2024-09-24 00:40:16,063[0m][[34mroot[0m][[32mINFO[0m] - Got correlated params for 1357 patients[0m
[[36m2024-09-24 00:40:16,064[0m][[34mroot[0m][[32mINFO[0m] - Simulating beta_c parameters[0m
[[36m2024-09-24 00:40:16,065[0m][[34mroot[0m][[32mINFO[0m] - Randomising outputs[0m

  0%|          | 0/1000 [00:00<?, ?it/s]  0%|          | 4/1000 [00:00<00:29, 33.44it/s]  1%|          | 9/1000 [00:00<00:25, 38.75it/s]  1%|â–         | 14/1000 [00:00<00:22, 43.28it/s]  2%|â–         | 19/1000 [00:00<00:24, 39.61it/s]/opt/hpcaas/.mounts/fs-08d5b24cdba02ca24/home/yilingliu/CausalTransformer_avg/src/data/cancer_sim/cancer_simulation.py:734: RuntimeWarning: invalid value encountered in log
  (1 + rho * np.log(K / (counterfactual_cancer_volume[current_t] + 1e-07) + 1e-07) -
  2%|â–         | 24/1000 [00:00<00:23, 40.81it/s]  3%|â–Ž         | 29/1000 [00:00<00:25, 38.54it/s]  3%|â–Ž         | 33/1000 [00:00<00:25, 37.95it/s]  4%|â–         | 38/1000 [00:00<00:23, 40.68it/s]  4%|â–         | 43/1000 [00:01<00:22, 41.87it/s]  5%|â–         | 48/1000 [00:01<00:23, 41.00it/s]  5%|â–Œ         | 53/1000 [00:01<00:22, 42.52it/s]  6%|â–Œ         | 58/1000 [00:01<00:24, 39.05it/s]  6%|â–Œ         | 62/1000 [00:01<00:25, 37.29it/s]  7%|â–‹         | 66/1000 [00:01<00:24, 37.51it/s]  7%|â–‹         | 70/1000 [00:01<00:24, 38.17it/s]  8%|â–Š         | 75/1000 [00:01<00:23, 38.83it/s]  8%|â–Š         | 80/1000 [00:02<00:22, 40.69it/s]  8%|â–Š         | 85/1000 [00:02<00:23, 39.40it/s]  9%|â–‰         | 90/1000 [00:02<00:23, 39.43it/s]  9%|â–‰         | 94/1000 [00:02<00:23, 39.19it/s] 10%|â–ˆ         | 100/1000 [00:02<00:21, 42.04it/s] 10%|â–ˆ         | 105/1000 [00:02<00:22, 40.16it/s] 11%|â–ˆ         | 110/1000 [00:02<00:22, 38.75it/s] 11%|â–ˆâ–        | 114/1000 [00:02<00:22, 38.89it/s] 12%|â–ˆâ–        | 118/1000 [00:02<00:22, 38.54it/s] 12%|â–ˆâ–        | 122/1000 [00:03<00:23, 37.11it/s] 13%|â–ˆâ–Ž        | 127/1000 [00:03<00:22, 38.76it/s] 13%|â–ˆâ–Ž        | 131/1000 [00:03<00:23, 37.08it/s] 14%|â–ˆâ–Ž        | 135/1000 [00:03<00:23, 37.03it/s] 14%|â–ˆâ–        | 139/1000 [00:03<00:23, 37.19it/s] 14%|â–ˆâ–        | 144/1000 [00:03<00:21, 39.16it/s] 15%|â–ˆâ–Œ        | 150/1000 [00:03<00:20, 42.13it/s] 16%|â–ˆâ–Œ        | 155/1000 [00:03<00:20, 41.77it/s] 16%|â–ˆâ–Œ        | 160/1000 [00:04<00:20, 40.27it/s] 16%|â–ˆâ–‹        | 165/1000 [00:04<00:21, 39.49it/s] 17%|â–ˆâ–‹        | 169/1000 [00:04<00:21, 38.36it/s] 17%|â–ˆâ–‹        | 173/1000 [00:04<00:22, 36.74it/s] 18%|â–ˆâ–Š        | 177/1000 [00:04<00:22, 36.42it/s] 18%|â–ˆâ–Š        | 181/1000 [00:04<00:23, 35.11it/s] 18%|â–ˆâ–Š        | 185/1000 [00:04<00:22, 36.38it/s] 19%|â–ˆâ–‰        | 189/1000 [00:04<00:22, 36.32it/s] 19%|â–ˆâ–‰        | 193/1000 [00:04<00:22, 36.49it/s] 20%|â–ˆâ–‰        | 197/1000 [00:05<00:22, 35.37it/s] 20%|â–ˆâ–ˆ        | 202/1000 [00:05<00:21, 36.75it/s] 21%|â–ˆâ–ˆ        | 206/1000 [00:05<00:22, 35.62it/s] 21%|â–ˆâ–ˆ        | 211/1000 [00:05<00:20, 38.51it/s] 22%|â–ˆâ–ˆâ–       | 216/1000 [00:05<00:20, 39.00it/s] 22%|â–ˆâ–ˆâ–       | 220/1000 [00:05<00:20, 37.61it/s] 22%|â–ˆâ–ˆâ–Ž       | 225/1000 [00:05<00:19, 40.07it/s] 23%|â–ˆâ–ˆâ–Ž       | 230/1000 [00:05<00:20, 37.76it/s] 23%|â–ˆâ–ˆâ–Ž       | 234/1000 [00:06<00:20, 36.96it/s] 24%|â–ˆâ–ˆâ–       | 238/1000 [00:06<00:21, 35.78it/s] 24%|â–ˆâ–ˆâ–       | 243/1000 [00:06<00:20, 37.61it/s] 25%|â–ˆâ–ˆâ–       | 249/1000 [00:06<00:18, 41.02it/s] 25%|â–ˆâ–ˆâ–Œ       | 254/1000 [00:06<00:17, 41.52it/s] 26%|â–ˆâ–ˆâ–Œ       | 259/1000 [00:06<00:18, 40.14it/s] 26%|â–ˆâ–ˆâ–‹       | 264/1000 [00:06<00:19, 38.65it/s] 27%|â–ˆâ–ˆâ–‹       | 268/1000 [00:06<00:19, 37.91it/s] 27%|â–ˆâ–ˆâ–‹       | 273/1000 [00:07<00:18, 39.24it/s] 28%|â–ˆâ–ˆâ–Š       | 278/1000 [00:07<00:17, 40.77it/s] 28%|â–ˆâ–ˆâ–Š       | 283/1000 [00:07<00:18, 39.30it/s] 29%|â–ˆâ–ˆâ–Š       | 287/1000 [00:07<00:18, 37.81it/s] 29%|â–ˆâ–ˆâ–‰       | 291/1000 [00:07<00:18, 37.32it/s] 30%|â–ˆâ–ˆâ–‰       | 295/1000 [00:07<00:18, 37.17it/s] 30%|â–ˆâ–ˆâ–ˆ       | 300/1000 [00:07<00:18, 37.85it/s] 31%|â–ˆâ–ˆâ–ˆ       | 306/1000 [00:07<00:16, 41.74it/s] 31%|â–ˆâ–ˆâ–ˆ       | 311/1000 [00:08<00:17, 39.69it/s] 32%|â–ˆâ–ˆâ–ˆâ–      | 315/1000 [00:08<00:18, 37.82it/s] 32%|â–ˆâ–ˆâ–ˆâ–      | 320/1000 [00:08<00:17, 39.42it/s] 32%|â–ˆâ–ˆâ–ˆâ–Ž      | 325/1000 [00:08<00:16, 42.12it/s] 33%|â–ˆâ–ˆâ–ˆâ–Ž      | 331/1000 [00:08<00:14, 45.61it/s] 34%|â–ˆâ–ˆâ–ˆâ–Ž      | 336/1000 [00:08<00:14, 46.20it/s] 34%|â–ˆâ–ˆâ–ˆâ–      | 341/1000 [00:08<00:15, 43.40it/s] 35%|â–ˆâ–ˆâ–ˆâ–      | 346/1000 [00:08<00:15, 41.19it/s] 35%|â–ˆâ–ˆâ–ˆâ–Œ      | 351/1000 [00:08<00:16, 40.43it/s] 36%|â–ˆâ–ˆâ–ˆâ–Œ      | 356/1000 [00:09<00:15, 41.61it/s] 36%|â–ˆâ–ˆâ–ˆâ–Œ      | 361/1000 [00:09<00:15, 39.98it/s] 37%|â–ˆâ–ˆâ–ˆâ–‹      | 366/1000 [00:09<00:17, 36.30it/s] 37%|â–ˆâ–ˆâ–ˆâ–‹      | 370/1000 [00:09<00:17, 35.27it/s] 37%|â–ˆâ–ˆâ–ˆâ–‹      | 374/1000 [00:09<00:17, 36.28it/s] 38%|â–ˆâ–ˆâ–ˆâ–Š      | 378/1000 [00:09<00:17, 36.29it/s] 38%|â–ˆâ–ˆâ–ˆâ–Š      | 384/1000 [00:09<00:15, 39.89it/s] 39%|â–ˆâ–ˆâ–ˆâ–‰      | 389/1000 [00:09<00:16, 37.48it/s] 39%|â–ˆâ–ˆâ–ˆâ–‰      | 393/1000 [00:10<00:16, 36.55it/s] 40%|â–ˆâ–ˆâ–ˆâ–‰      | 397/1000 [00:10<00:16, 36.52it/s] 40%|â–ˆâ–ˆâ–ˆâ–ˆ      | 401/1000 [00:10<00:17, 34.95it/s] 40%|â–ˆâ–ˆâ–ˆâ–ˆ      | 405/1000 [00:10<00:19, 30.95it/s] 41%|â–ˆâ–ˆâ–ˆâ–ˆ      | 409/1000 [00:10<00:18, 31.92it/s] 41%|â–ˆâ–ˆâ–ˆâ–ˆâ–     | 413/1000 [00:10<00:18, 32.23it/s] 42%|â–ˆâ–ˆâ–ˆâ–ˆâ–     | 417/1000 [00:10<00:17, 33.04it/s] 42%|â–ˆâ–ˆâ–ˆâ–ˆâ–     | 421/1000 [00:10<00:17, 34.03it/s] 42%|â–ˆâ–ˆâ–ˆâ–ˆâ–Ž     | 425/1000 [00:11<00:16, 33.83it/s] 43%|â–ˆâ–ˆâ–ˆâ–ˆâ–Ž     | 430/1000 [00:11<00:16, 35.53it/s] 44%|â–ˆâ–ˆâ–ˆâ–ˆâ–Ž     | 435/1000 [00:11<00:15, 37.19it/s] 44%|â–ˆâ–ˆâ–ˆâ–ˆâ–     | 439/1000 [00:11<00:15, 36.15it/s] 44%|â–ˆâ–ˆâ–ˆâ–ˆâ–     | 443/1000 [00:11<00:15, 35.18it/s] 45%|â–ˆâ–ˆâ–ˆâ–ˆâ–     | 447/1000 [00:11<00:15, 35.55it/s] 45%|â–ˆâ–ˆâ–ˆâ–ˆâ–Œ     | 452/1000 [00:11<00:14, 38.05it/s] 46%|â–ˆâ–ˆâ–ˆâ–ˆâ–Œ     | 456/1000 [00:11<00:14, 36.69it/s] 46%|â–ˆâ–ˆâ–ˆâ–ˆâ–Œ     | 460/1000 [00:12<00:14, 36.73it/s] 46%|â–ˆâ–ˆâ–ˆâ–ˆâ–‹     | 465/1000 [00:12<00:14, 38.13it/s] 47%|â–ˆâ–ˆâ–ˆâ–ˆâ–‹     | 470/1000 [00:12<00:13, 38.95it/s] 47%|â–ˆâ–ˆâ–ˆâ–ˆâ–‹     | 474/1000 [00:12<00:14, 37.13it/s] 48%|â–ˆâ–ˆâ–ˆâ–ˆâ–Š     | 478/1000 [00:12<00:14, 36.92it/s] 48%|â–ˆâ–ˆâ–ˆâ–ˆâ–Š     | 482/1000 [00:12<00:14, 35.71it/s] 49%|â–ˆâ–ˆâ–ˆâ–ˆâ–Š     | 486/1000 [00:12<00:14, 36.34it/s] 49%|â–ˆâ–ˆâ–ˆâ–ˆâ–‰     | 490/1000 [00:12<00:14, 35.26it/s] 49%|â–ˆâ–ˆâ–ˆâ–ˆâ–‰     | 494/1000 [00:12<00:14, 35.19it/s] 50%|â–ˆâ–ˆâ–ˆâ–ˆâ–‰     | 498/1000 [00:13<00:14, 35.63it/s] 50%|â–ˆâ–ˆâ–ˆâ–ˆâ–ˆ     | 503/1000 [00:13<00:13, 36.75it/s] 51%|â–ˆâ–ˆâ–ˆâ–ˆâ–ˆ     | 507/1000 [00:13<00:13, 35.55it/s] 51%|â–ˆâ–ˆâ–ˆâ–ˆâ–ˆ     | 512/1000 [00:13<00:13, 37.28it/s] 52%|â–ˆâ–ˆâ–ˆâ–ˆâ–ˆâ–    | 518/1000 [00:13<00:11, 42.12it/s] 52%|â–ˆâ–ˆâ–ˆâ–ˆâ–ˆâ–    | 523/1000 [00:13<00:10, 43.92it/s] 53%|â–ˆâ–ˆâ–ˆâ–ˆâ–ˆâ–Ž    | 528/1000 [00:13<00:11, 40.84it/s] 53%|â–ˆâ–ˆâ–ˆâ–ˆâ–ˆâ–Ž    | 533/1000 [00:13<00:12, 37.63it/s] 54%|â–ˆâ–ˆâ–ˆâ–ˆâ–ˆâ–Ž    | 537/1000 [00:14<00:12, 36.83it/s] 54%|â–ˆâ–ˆâ–ˆâ–ˆâ–ˆâ–    | 541/1000 [00:14<00:12, 36.49it/s] 55%|â–ˆâ–ˆâ–ˆâ–ˆâ–ˆâ–    | 545/1000 [00:14<00:12, 36.39it/s] 55%|â–ˆâ–ˆâ–ˆâ–ˆâ–ˆâ–Œ    | 550/1000 [00:14<00:12, 37.50it/s] 56%|â–ˆâ–ˆâ–ˆâ–ˆâ–ˆâ–Œ    | 556/1000 [00:14<00:10, 41.36it/s] 56%|â–ˆâ–ˆâ–ˆâ–ˆâ–ˆâ–Œ    | 561/1000 [00:14<00:10, 40.53it/s] 57%|â–ˆâ–ˆâ–ˆâ–ˆâ–ˆâ–‹    | 566/1000 [00:14<00:10, 40.02it/s] 57%|â–ˆâ–ˆâ–ˆâ–ˆâ–ˆâ–‹    | 571/1000 [00:14<00:11, 37.59it/s] 57%|â–ˆâ–ˆâ–ˆâ–ˆâ–ˆâ–Š    | 575/1000 [00:15<00:11, 37.25it/s] 58%|â–ˆâ–ˆâ–ˆâ–ˆâ–ˆâ–Š    | 580/1000 [00:15<00:10, 39.07it/s] 58%|â–ˆâ–ˆâ–ˆâ–ˆâ–ˆâ–Š    | 585/1000 [00:15<00:10, 39.62it/s] 59%|â–ˆâ–ˆâ–ˆâ–ˆâ–ˆâ–‰    | 589/1000 [00:15<00:10, 38.46it/s] 59%|â–ˆâ–ˆâ–ˆâ–ˆâ–ˆâ–‰    | 593/1000 [00:15<00:10, 37.16it/s] 60%|â–ˆâ–ˆâ–ˆâ–ˆâ–ˆâ–‰    | 597/1000 [00:15<00:11, 35.87it/s] 60%|â–ˆâ–ˆâ–ˆâ–ˆâ–ˆâ–ˆ    | 601/1000 [00:15<00:11, 35.36it/s] 61%|â–ˆâ–ˆâ–ˆâ–ˆâ–ˆâ–ˆ    | 606/1000 [00:15<00:10, 37.00it/s] 61%|â–ˆâ–ˆâ–ˆâ–ˆâ–ˆâ–ˆ    | 610/1000 [00:16<00:10, 36.67it/s] 62%|â–ˆâ–ˆâ–ˆâ–ˆâ–ˆâ–ˆâ–   | 616/1000 [00:16<00:09, 41.30it/s] 62%|â–ˆâ–ˆâ–ˆâ–ˆâ–ˆâ–ˆâ–   | 621/1000 [00:16<00:08, 42.64it/s] 63%|â–ˆâ–ˆâ–ˆâ–ˆâ–ˆâ–ˆâ–Ž   | 626/1000 [00:16<00:08, 42.57it/s] 63%|â–ˆâ–ˆâ–ˆâ–ˆâ–ˆâ–ˆâ–Ž   | 631/1000 [00:16<00:09, 40.53it/s] 64%|â–ˆâ–ˆâ–ˆâ–ˆâ–ˆâ–ˆâ–Ž   | 636/1000 [00:16<00:09, 38.47it/s] 64%|â–ˆâ–ˆâ–ˆâ–ˆâ–ˆâ–ˆâ–   | 641/1000 [00:16<00:09, 39.11it/s] 64%|â–ˆâ–ˆâ–ˆâ–ˆâ–ˆâ–ˆâ–   | 645/1000 [00:16<00:09, 37.33it/s] 65%|â–ˆâ–ˆâ–ˆâ–ˆâ–ˆâ–ˆâ–   | 649/1000 [00:16<00:09, 37.77it/s] 65%|â–ˆâ–ˆâ–ˆâ–ˆâ–ˆâ–ˆâ–Œ   | 653/1000 [00:17<00:09, 36.26it/s] 66%|â–ˆâ–ˆâ–ˆâ–ˆâ–ˆâ–ˆâ–Œ   | 657/1000 [00:17<00:09, 35.24it/s] 66%|â–ˆâ–ˆâ–ˆâ–ˆâ–ˆâ–ˆâ–Œ   | 662/1000 [00:17<00:09, 36.61it/s] 67%|â–ˆâ–ˆâ–ˆâ–ˆâ–ˆâ–ˆâ–‹   | 667/1000 [00:17<00:08, 39.97it/s] 67%|â–ˆâ–ˆâ–ˆâ–ˆâ–ˆâ–ˆâ–‹   | 672/1000 [00:17<00:08, 37.48it/s] 68%|â–ˆâ–ˆâ–ˆâ–ˆâ–ˆâ–ˆâ–Š   | 676/1000 [00:17<00:08, 36.49it/s] 68%|â–ˆâ–ˆâ–ˆâ–ˆâ–ˆâ–ˆâ–Š   | 680/1000 [00:17<00:08, 37.18it/s] 68%|â–ˆâ–ˆâ–ˆâ–ˆâ–ˆâ–ˆâ–Š   | 685/1000 [00:17<00:08, 38.36it/s] 69%|â–ˆâ–ˆâ–ˆâ–ˆâ–ˆâ–ˆâ–‰   | 689/1000 [00:18<00:08, 37.16it/s] 69%|â–ˆâ–ˆâ–ˆâ–ˆâ–ˆâ–ˆâ–‰   | 693/1000 [00:18<00:08, 35.89it/s] 70%|â–ˆâ–ˆâ–ˆâ–ˆâ–ˆâ–ˆâ–‰   | 699/1000 [00:18<00:07, 40.31it/s] 70%|â–ˆâ–ˆâ–ˆâ–ˆâ–ˆâ–ˆâ–ˆ   | 704/1000 [00:18<00:07, 39.18it/s] 71%|â–ˆâ–ˆâ–ˆâ–ˆâ–ˆâ–ˆâ–ˆ   | 708/1000 [00:18<00:07, 38.37it/s] 71%|â–ˆâ–ˆâ–ˆâ–ˆâ–ˆâ–ˆâ–ˆ   | 712/1000 [00:18<00:07, 36.85it/s] 72%|â–ˆâ–ˆâ–ˆâ–ˆâ–ˆâ–ˆâ–ˆâ–  | 716/1000 [00:18<00:07, 36.43it/s] 72%|â–ˆâ–ˆâ–ˆâ–ˆâ–ˆâ–ˆâ–ˆâ–  | 720/1000 [00:18<00:07, 35.83it/s] 72%|â–ˆâ–ˆâ–ˆâ–ˆâ–ˆâ–ˆâ–ˆâ–  | 724/1000 [00:18<00:07, 36.83it/s] 73%|â–ˆâ–ˆâ–ˆâ–ˆâ–ˆâ–ˆâ–ˆâ–Ž  | 729/1000 [00:19<00:06, 38.88it/s] 73%|â–ˆâ–ˆâ–ˆâ–ˆâ–ˆâ–ˆâ–ˆâ–Ž  | 733/1000 [00:19<00:06, 38.36it/s] 74%|â–ˆâ–ˆâ–ˆâ–ˆâ–ˆâ–ˆâ–ˆâ–Ž  | 737/1000 [00:19<00:07, 36.71it/s] 74%|â–ˆâ–ˆâ–ˆâ–ˆâ–ˆâ–ˆâ–ˆâ–  | 741/1000 [00:19<00:07, 36.64it/s] 74%|â–ˆâ–ˆâ–ˆâ–ˆâ–ˆâ–ˆâ–ˆâ–  | 745/1000 [00:19<00:07, 36.39it/s] 75%|â–ˆâ–ˆâ–ˆâ–ˆâ–ˆâ–ˆâ–ˆâ–  | 749/1000 [00:19<00:06, 36.85it/s] 75%|â–ˆâ–ˆâ–ˆâ–ˆâ–ˆâ–ˆâ–ˆâ–Œ  | 754/1000 [00:19<00:06, 38.13it/s] 76%|â–ˆâ–ˆâ–ˆâ–ˆâ–ˆâ–ˆâ–ˆâ–Œ  | 759/1000 [00:19<00:05, 41.29it/s] 76%|â–ˆâ–ˆâ–ˆâ–ˆâ–ˆâ–ˆâ–ˆâ–‹  | 764/1000 [00:20<00:05, 41.88it/s] 77%|â–ˆâ–ˆâ–ˆâ–ˆâ–ˆâ–ˆâ–ˆâ–‹  | 769/1000 [00:20<00:05, 39.95it/s] 77%|â–ˆâ–ˆâ–ˆâ–ˆâ–ˆâ–ˆâ–ˆâ–‹  | 774/1000 [00:20<00:06, 37.45it/s] 78%|â–ˆâ–ˆâ–ˆâ–ˆâ–ˆâ–ˆâ–ˆâ–Š  | 778/1000 [00:20<00:05, 37.65it/s] 78%|â–ˆâ–ˆâ–ˆâ–ˆâ–ˆâ–ˆâ–ˆâ–Š  | 783/1000 [00:20<00:05, 37.91it/s] 79%|â–ˆâ–ˆâ–ˆâ–ˆâ–ˆâ–ˆâ–ˆâ–Š  | 787/1000 [00:20<00:05, 37.19it/s] 79%|â–ˆâ–ˆâ–ˆâ–ˆâ–ˆâ–ˆâ–ˆâ–‰  | 791/1000 [00:20<00:05, 36.63it/s] 80%|â–ˆâ–ˆâ–ˆâ–ˆâ–ˆâ–ˆâ–ˆâ–‰  | 796/1000 [00:20<00:05, 37.40it/s] 80%|â–ˆâ–ˆâ–ˆâ–ˆâ–ˆâ–ˆâ–ˆâ–ˆ  | 800/1000 [00:20<00:05, 37.95it/s] 80%|â–ˆâ–ˆâ–ˆâ–ˆâ–ˆâ–ˆâ–ˆâ–ˆ  | 805/1000 [00:21<00:04, 39.34it/s] 81%|â–ˆâ–ˆâ–ˆâ–ˆâ–ˆâ–ˆâ–ˆâ–ˆ  | 809/1000 [00:21<00:04, 38.63it/s] 81%|â–ˆâ–ˆâ–ˆâ–ˆâ–ˆâ–ˆâ–ˆâ–ˆâ– | 813/1000 [00:21<00:04, 37.64it/s] 82%|â–ˆâ–ˆâ–ˆâ–ˆâ–ˆâ–ˆâ–ˆâ–ˆâ– | 818/1000 [00:21<00:04, 38.27it/s] 82%|â–ˆâ–ˆâ–ˆâ–ˆâ–ˆâ–ˆâ–ˆâ–ˆâ– | 822/1000 [00:21<00:04, 36.66it/s] 83%|â–ˆâ–ˆâ–ˆâ–ˆâ–ˆâ–ˆâ–ˆâ–ˆâ–Ž | 826/1000 [00:21<00:04, 35.55it/s] 83%|â–ˆâ–ˆâ–ˆâ–ˆâ–ˆâ–ˆâ–ˆâ–ˆâ–Ž | 830/1000 [00:21<00:04, 36.32it/s] 83%|â–ˆâ–ˆâ–ˆâ–ˆâ–ˆâ–ˆâ–ˆâ–ˆâ–Ž | 834/1000 [00:21<00:04, 35.53it/s] 84%|â–ˆâ–ˆâ–ˆâ–ˆâ–ˆâ–ˆâ–ˆâ–ˆâ– | 839/1000 [00:22<00:04, 37.43it/s] 84%|â–ˆâ–ˆâ–ˆâ–ˆâ–ˆâ–ˆâ–ˆâ–ˆâ– | 843/1000 [00:22<00:04, 36.50it/s] 85%|â–ˆâ–ˆâ–ˆâ–ˆâ–ˆâ–ˆâ–ˆâ–ˆâ– | 847/1000 [00:22<00:04, 37.26it/s] 85%|â–ˆâ–ˆâ–ˆâ–ˆâ–ˆâ–ˆâ–ˆâ–ˆâ–Œ | 851/1000 [00:22<00:04, 35.87it/s] 86%|â–ˆâ–ˆâ–ˆâ–ˆâ–ˆâ–ˆâ–ˆâ–ˆâ–Œ | 855/1000 [00:22<00:04, 34.96it/s] 86%|â–ˆâ–ˆâ–ˆâ–ˆâ–ˆâ–ˆâ–ˆâ–ˆâ–Œ | 859/1000 [00:22<00:03, 35.59it/s] 86%|â–ˆâ–ˆâ–ˆâ–ˆâ–ˆâ–ˆâ–ˆâ–ˆâ–‹ | 863/1000 [00:22<00:03, 36.01it/s] 87%|â–ˆâ–ˆâ–ˆâ–ˆâ–ˆâ–ˆâ–ˆâ–ˆâ–‹ | 867/1000 [00:22<00:03, 36.28it/s] 87%|â–ˆâ–ˆâ–ˆâ–ˆâ–ˆâ–ˆâ–ˆâ–ˆâ–‹ | 873/1000 [00:22<00:03, 40.75it/s] 88%|â–ˆâ–ˆâ–ˆâ–ˆâ–ˆâ–ˆâ–ˆâ–ˆâ–Š | 878/1000 [00:23<00:02, 41.69it/s] 88%|â–ˆâ–ˆâ–ˆâ–ˆâ–ˆâ–ˆâ–ˆâ–ˆâ–Š | 883/1000 [00:23<00:03, 38.53it/s] 89%|â–ˆâ–ˆâ–ˆâ–ˆâ–ˆâ–ˆâ–ˆâ–ˆâ–Š | 887/1000 [00:23<00:02, 38.83it/s] 89%|â–ˆâ–ˆâ–ˆâ–ˆâ–ˆâ–ˆâ–ˆâ–ˆâ–‰ | 891/1000 [00:23<00:02, 38.47it/s] 90%|â–ˆâ–ˆâ–ˆâ–ˆâ–ˆâ–ˆâ–ˆâ–ˆâ–‰ | 895/1000 [00:23<00:02, 38.12it/s] 90%|â–ˆâ–ˆâ–ˆâ–ˆâ–ˆâ–ˆâ–ˆâ–ˆâ–‰ | 899/1000 [00:23<00:02, 37.48it/s] 90%|â–ˆâ–ˆâ–ˆâ–ˆâ–ˆâ–ˆâ–ˆâ–ˆâ–ˆ | 905/1000 [00:23<00:02, 40.80it/s] 91%|â–ˆâ–ˆâ–ˆâ–ˆâ–ˆâ–ˆâ–ˆâ–ˆâ–ˆ | 910/1000 [00:23<00:02, 42.05it/s] 92%|â–ˆâ–ˆâ–ˆâ–ˆâ–ˆâ–ˆâ–ˆâ–ˆâ–ˆâ–| 915/1000 [00:24<00:02, 40.04it/s] 92%|â–ˆâ–ˆâ–ˆâ–ˆâ–ˆâ–ˆâ–ˆâ–ˆâ–ˆâ–| 920/1000 [00:24<00:02, 36.66it/s] 92%|â–ˆâ–ˆâ–ˆâ–ˆâ–ˆâ–ˆâ–ˆâ–ˆâ–ˆâ–| 924/1000 [00:24<00:02, 33.45it/s] 93%|â–ˆâ–ˆâ–ˆâ–ˆâ–ˆâ–ˆâ–ˆâ–ˆâ–ˆâ–Ž| 928/1000 [00:24<00:02, 34.35it/s] 93%|â–ˆâ–ˆâ–ˆâ–ˆâ–ˆâ–ˆâ–ˆâ–ˆâ–ˆâ–Ž| 932/1000 [00:24<00:01, 34.39it/s] 94%|â–ˆâ–ˆâ–ˆâ–ˆâ–ˆâ–ˆâ–ˆâ–ˆâ–ˆâ–Ž| 937/1000 [00:24<00:01, 37.86it/s] 94%|â–ˆâ–ˆâ–ˆâ–ˆâ–ˆâ–ˆâ–ˆâ–ˆâ–ˆâ–| 941/1000 [00:24<00:01, 38.28it/s] 94%|â–ˆâ–ˆâ–ˆâ–ˆâ–ˆâ–ˆâ–ˆâ–ˆâ–ˆâ–| 945/1000 [00:24<00:01, 36.59it/s] 95%|â–ˆâ–ˆâ–ˆâ–ˆâ–ˆâ–ˆâ–ˆâ–ˆâ–ˆâ–Œ| 951/1000 [00:24<00:01, 41.95it/s] 96%|â–ˆâ–ˆâ–ˆâ–ˆâ–ˆâ–ˆâ–ˆâ–ˆâ–ˆâ–Œ| 956/1000 [00:25<00:01, 41.33it/s] 96%|â–ˆâ–ˆâ–ˆâ–ˆâ–ˆâ–ˆâ–ˆâ–ˆâ–ˆâ–Œ| 961/1000 [00:25<00:00, 40.67it/s] 97%|â–ˆâ–ˆâ–ˆâ–ˆâ–ˆâ–ˆâ–ˆâ–ˆâ–ˆâ–‹| 966/1000 [00:25<00:00, 37.93it/s] 97%|â–ˆâ–ˆâ–ˆâ–ˆâ–ˆâ–ˆâ–ˆâ–ˆâ–ˆâ–‹| 971/1000 [00:25<00:00, 38.19it/s] 98%|â–ˆâ–ˆâ–ˆâ–ˆâ–ˆâ–ˆâ–ˆâ–ˆâ–ˆâ–Š| 976/1000 [00:25<00:00, 38.92it/s] 98%|â–ˆâ–ˆâ–ˆâ–ˆâ–ˆâ–ˆâ–ˆâ–ˆâ–ˆâ–Š| 980/1000 [00:25<00:00, 38.61it/s] 98%|â–ˆâ–ˆâ–ˆâ–ˆâ–ˆâ–ˆâ–ˆâ–ˆâ–ˆâ–Š| 985/1000 [00:25<00:00, 40.45it/s] 99%|â–ˆâ–ˆâ–ˆâ–ˆâ–ˆâ–ˆâ–ˆâ–ˆâ–ˆâ–‰| 990/1000 [00:25<00:00, 42.38it/s]100%|â–ˆâ–ˆâ–ˆâ–ˆâ–ˆâ–ˆâ–ˆâ–ˆâ–ˆâ–‰| 995/1000 [00:26<00:00, 40.78it/s]100%|â–ˆâ–ˆâ–ˆâ–ˆâ–ˆâ–ˆâ–ˆâ–ˆâ–ˆâ–ˆ| 1000/1000 [00:26<00:00, 42.05it/s]100%|â–ˆâ–ˆâ–ˆâ–ˆâ–ˆâ–ˆâ–ˆâ–ˆâ–ˆâ–ˆ| 1000/1000 [00:26<00:00, 38.16it/s][[36m2024-09-24 00:40:42,541[0m][[34msrc.data.cancer_sim.dataset[0m][[32mINFO[0m] - Processing train dataset before training[0m
[[36m2024-09-24 00:40:43,683[0m][[34msrc.data.cancer_sim.dataset[0m][[32mINFO[0m] - Shape of processed train data: {'cancer_volume': (10000, 60), 'chemo_dosage': (10000, 60), 'radio_dosage': (10000, 60), 'chemo_application': (10000, 60), 'radio_application': (10000, 60), 'chemo_probabilities': (10000, 60), 'radio_probabilities': (10000, 60), 'sequence_lengths': (10000,), 'death_flags': (10000, 60), 'recovery_flags': (10000, 60), 'patient_types': (10000,), 'prev_treatments': (10000, 59, 4), 'current_treatments': (10000, 59, 4), 'current_covariates': (10000, 59, 2), 'outputs': (10000, 59, 1), 'active_entries': (10000, 59, 1), 'unscaled_outputs': (10000, 59, 1), 'prev_outputs': (10000, 59, 1), 'static_features': (10000, 1)}[0m
[[36m2024-09-24 00:40:43,684[0m][[34msrc.data.cancer_sim.dataset[0m][[32mINFO[0m] - Processing val dataset before training[0m
[[36m2024-09-24 00:40:43,794[0m][[34msrc.data.cancer_sim.dataset[0m][[32mINFO[0m] - Shape of processed val data: {'cancer_volume': (1000, 60), 'chemo_dosage': (1000, 60), 'radio_dosage': (1000, 60), 'chemo_application': (1000, 60), 'radio_application': (1000, 60), 'chemo_probabilities': (1000, 60), 'radio_probabilities': (1000, 60), 'sequence_lengths': (1000,), 'death_flags': (1000, 60), 'recovery_flags': (1000, 60), 'patient_types': (1000,), 'prev_treatments': (1000, 59, 4), 'current_treatments': (1000, 59, 4), 'current_covariates': (1000, 59, 2), 'outputs': (1000, 59, 1), 'active_entries': (1000, 59, 1), 'unscaled_outputs': (1000, 59, 1), 'prev_outputs': (1000, 59, 1), 'static_features': (1000, 1)}[0m
[[36m2024-09-24 00:40:43,794[0m][[34msrc.data.cancer_sim.dataset[0m][[32mINFO[0m] - Processing test dataset before training[0m
[[36m2024-09-24 00:41:03,017[0m][[34msrc.data.cancer_sim.dataset[0m][[32mINFO[0m] - Shape of processed test data: {'cancer_volume': (202512, 60), 'chemo_application': (202512, 60), 'radio_application': (202512, 60), 'sequence_lengths': (202512,), 'patient_types': (202512,), 'prev_treatments': (202512, 59, 4), 'current_treatments': (202512, 59, 4), 'current_covariates': (202512, 59, 2), 'outputs': (202512, 59, 1), 'active_entries': (202512, 59, 1), 'unscaled_outputs': (202512, 59, 1), 'prev_outputs': (202512, 59, 1), 'static_features': (202512, 1)}[0m
2024/09/24 00:41:03 ERROR mlflow.server: Exception on /api/2.0/mlflow/runs/create [POST]
Traceback (most recent call last):
  File "/opt/hpcaas/.mounts/fs-08d5b24cdba02ca24/home/yilingliu/CausalTransformer/venv/lib/python3.8/site-packages/flask/app.py", line 1473, in wsgi_app
    response = self.full_dispatch_request()
  File "/opt/hpcaas/.mounts/fs-08d5b24cdba02ca24/home/yilingliu/CausalTransformer/venv/lib/python3.8/site-packages/flask/app.py", line 882, in full_dispatch_request
    rv = self.handle_user_exception(e)
  File "/opt/hpcaas/.mounts/fs-08d5b24cdba02ca24/home/yilingliu/CausalTransformer/venv/lib/python3.8/site-packages/flask/app.py", line 880, in full_dispatch_request
    rv = self.dispatch_request()
  File "/opt/hpcaas/.mounts/fs-08d5b24cdba02ca24/home/yilingliu/CausalTransformer/venv/lib/python3.8/site-packages/flask/app.py", line 865, in dispatch_request
    return self.ensure_sync(self.view_functions[rule.endpoint])(**view_args)  # type: ignore[no-any-return]
  File "/opt/hpcaas/.mounts/fs-08d5b24cdba02ca24/home/yilingliu/CausalTransformer/venv/lib/python3.8/site-packages/mlflow/server/handlers.py", line 566, in wrapper
    return func(*args, **kwargs)
  File "/opt/hpcaas/.mounts/fs-08d5b24cdba02ca24/home/yilingliu/CausalTransformer/venv/lib/python3.8/site-packages/mlflow/server/handlers.py", line 607, in wrapper
    return func(*args, **kwargs)
  File "/opt/hpcaas/.mounts/fs-08d5b24cdba02ca24/home/yilingliu/CausalTransformer/venv/lib/python3.8/site-packages/mlflow/server/handlers.py", line 775, in _create_run
    run = _get_tracking_store().create_run(
  File "/opt/hpcaas/.mounts/fs-08d5b24cdba02ca24/home/yilingliu/CausalTransformer/venv/lib/python3.8/site-packages/mlflow/store/tracking/file_store.py", line 662, in create_run
    mkdir(run_dir)
  File "/opt/hpcaas/.mounts/fs-08d5b24cdba02ca24/home/yilingliu/CausalTransformer/venv/lib/python3.8/site-packages/mlflow/utils/file_utils.py", line 211, in mkdir
    raise e
  File "/opt/hpcaas/.mounts/fs-08d5b24cdba02ca24/home/yilingliu/CausalTransformer/venv/lib/python3.8/site-packages/mlflow/utils/file_utils.py", line 208, in mkdir
    os.makedirs(target, exist_ok=True)
  File "/usr/lib/python3.8/os.py", line 223, in makedirs
    mkdir(name, mode)
PermissionError: [Errno 13] Permission denied: './mlruns/712563692599820190/78a9bf02a7764fc4b7f9c0e52d730cc0'
2024/09/24 00:41:03 ERROR mlflow.server: Exception on /api/2.0/mlflow/runs/create [POST]
Traceback (most recent call last):
  File "/opt/hpcaas/.mounts/fs-08d5b24cdba02ca24/home/yilingliu/CausalTransformer/venv/lib/python3.8/site-packages/flask/app.py", line 1473, in wsgi_app
    response = self.full_dispatch_request()
  File "/opt/hpcaas/.mounts/fs-08d5b24cdba02ca24/home/yilingliu/CausalTransformer/venv/lib/python3.8/site-packages/flask/app.py", line 882, in full_dispatch_request
    rv = self.handle_user_exception(e)
  File "/opt/hpcaas/.mounts/fs-08d5b24cdba02ca24/home/yilingliu/CausalTransformer/venv/lib/python3.8/site-packages/flask/app.py", line 880, in full_dispatch_request
    rv = self.dispatch_request()
  File "/opt/hpcaas/.mounts/fs-08d5b24cdba02ca24/home/yilingliu/CausalTransformer/venv/lib/python3.8/site-packages/flask/app.py", line 865, in dispatch_request
    return self.ensure_sync(self.view_functions[rule.endpoint])(**view_args)  # type: ignore[no-any-return]
  File "/opt/hpcaas/.mounts/fs-08d5b24cdba02ca24/home/yilingliu/CausalTransformer/venv/lib/python3.8/site-packages/mlflow/server/handlers.py", line 566, in wrapper
    return func(*args, **kwargs)
  File "/opt/hpcaas/.mounts/fs-08d5b24cdba02ca24/home/yilingliu/CausalTransformer/venv/lib/python3.8/site-packages/mlflow/server/handlers.py", line 607, in wrapper
    return func(*args, **kwargs)
  File "/opt/hpcaas/.mounts/fs-08d5b24cdba02ca24/home/yilingliu/CausalTransformer/venv/lib/python3.8/site-packages/mlflow/server/handlers.py", line 775, in _create_run
    run = _get_tracking_store().create_run(
  File "/opt/hpcaas/.mounts/fs-08d5b24cdba02ca24/home/yilingliu/CausalTransformer/venv/lib/python3.8/site-packages/mlflow/store/tracking/file_store.py", line 662, in create_run
    mkdir(run_dir)
  File "/opt/hpcaas/.mounts/fs-08d5b24cdba02ca24/home/yilingliu/CausalTransformer/venv/lib/python3.8/site-packages/mlflow/utils/file_utils.py", line 211, in mkdir
    raise e
  File "/opt/hpcaas/.mounts/fs-08d5b24cdba02ca24/home/yilingliu/CausalTransformer/venv/lib/python3.8/site-packages/mlflow/utils/file_utils.py", line 208, in mkdir
    os.makedirs(target, exist_ok=True)
  File "/usr/lib/python3.8/os.py", line 223, in makedirs
    mkdir(name, mode)
PermissionError: [Errno 13] Permission denied: './mlruns/712563692599820190/1e3360fd737c490ca9c4971eecece3d0'
2024/09/24 00:41:08 ERROR mlflow.server: Exception on /api/2.0/mlflow/runs/create [POST]
Traceback (most recent call last):
  File "/opt/hpcaas/.mounts/fs-08d5b24cdba02ca24/home/yilingliu/CausalTransformer/venv/lib/python3.8/site-packages/flask/app.py", line 1473, in wsgi_app
    response = self.full_dispatch_request()
  File "/opt/hpcaas/.mounts/fs-08d5b24cdba02ca24/home/yilingliu/CausalTransformer/venv/lib/python3.8/site-packages/flask/app.py", line 882, in full_dispatch_request
    rv = self.handle_user_exception(e)
  File "/opt/hpcaas/.mounts/fs-08d5b24cdba02ca24/home/yilingliu/CausalTransformer/venv/lib/python3.8/site-packages/flask/app.py", line 880, in full_dispatch_request
    rv = self.dispatch_request()
  File "/opt/hpcaas/.mounts/fs-08d5b24cdba02ca24/home/yilingliu/CausalTransformer/venv/lib/python3.8/site-packages/flask/app.py", line 865, in dispatch_request
    return self.ensure_sync(self.view_functions[rule.endpoint])(**view_args)  # type: ignore[no-any-return]
  File "/opt/hpcaas/.mounts/fs-08d5b24cdba02ca24/home/yilingliu/CausalTransformer/venv/lib/python3.8/site-packages/mlflow/server/handlers.py", line 566, in wrapper
    return func(*args, **kwargs)
  File "/opt/hpcaas/.mounts/fs-08d5b24cdba02ca24/home/yilingliu/CausalTransformer/venv/lib/python3.8/site-packages/mlflow/server/handlers.py", line 607, in wrapper
    return func(*args, **kwargs)
  File "/opt/hpcaas/.mounts/fs-08d5b24cdba02ca24/home/yilingliu/CausalTransformer/venv/lib/python3.8/site-packages/mlflow/server/handlers.py", line 775, in _create_run
    run = _get_tracking_store().create_run(
  File "/opt/hpcaas/.mounts/fs-08d5b24cdba02ca24/home/yilingliu/CausalTransformer/venv/lib/python3.8/site-packages/mlflow/store/tracking/file_store.py", line 662, in create_run
    mkdir(run_dir)
  File "/opt/hpcaas/.mounts/fs-08d5b24cdba02ca24/home/yilingliu/CausalTransformer/venv/lib/python3.8/site-packages/mlflow/utils/file_utils.py", line 211, in mkdir
    raise e
  File "/opt/hpcaas/.mounts/fs-08d5b24cdba02ca24/home/yilingliu/CausalTransformer/venv/lib/python3.8/site-packages/mlflow/utils/file_utils.py", line 208, in mkdir
    os.makedirs(target, exist_ok=True)
  File "/usr/lib/python3.8/os.py", line 223, in makedirs
    mkdir(name, mode)
PermissionError: [Errno 13] Permission denied: './mlruns/712563692599820190/677859de3937438385135be58dfffb1a'
2024/09/24 00:41:16 ERROR mlflow.server: Exception on /api/2.0/mlflow/runs/create [POST]
Traceback (most recent call last):
  File "/opt/hpcaas/.mounts/fs-08d5b24cdba02ca24/home/yilingliu/CausalTransformer/venv/lib/python3.8/site-packages/flask/app.py", line 1473, in wsgi_app
    response = self.full_dispatch_request()
  File "/opt/hpcaas/.mounts/fs-08d5b24cdba02ca24/home/yilingliu/CausalTransformer/venv/lib/python3.8/site-packages/flask/app.py", line 882, in full_dispatch_request
    rv = self.handle_user_exception(e)
  File "/opt/hpcaas/.mounts/fs-08d5b24cdba02ca24/home/yilingliu/CausalTransformer/venv/lib/python3.8/site-packages/flask/app.py", line 880, in full_dispatch_request
    rv = self.dispatch_request()
  File "/opt/hpcaas/.mounts/fs-08d5b24cdba02ca24/home/yilingliu/CausalTransformer/venv/lib/python3.8/site-packages/flask/app.py", line 865, in dispatch_request
    return self.ensure_sync(self.view_functions[rule.endpoint])(**view_args)  # type: ignore[no-any-return]
  File "/opt/hpcaas/.mounts/fs-08d5b24cdba02ca24/home/yilingliu/CausalTransformer/venv/lib/python3.8/site-packages/mlflow/server/handlers.py", line 566, in wrapper
    return func(*args, **kwargs)
  File "/opt/hpcaas/.mounts/fs-08d5b24cdba02ca24/home/yilingliu/CausalTransformer/venv/lib/python3.8/site-packages/mlflow/server/handlers.py", line 607, in wrapper
    return func(*args, **kwargs)
  File "/opt/hpcaas/.mounts/fs-08d5b24cdba02ca24/home/yilingliu/CausalTransformer/venv/lib/python3.8/site-packages/mlflow/server/handlers.py", line 775, in _create_run
    run = _get_tracking_store().create_run(
  File "/opt/hpcaas/.mounts/fs-08d5b24cdba02ca24/home/yilingliu/CausalTransformer/venv/lib/python3.8/site-packages/mlflow/store/tracking/file_store.py", line 662, in create_run
    mkdir(run_dir)
  File "/opt/hpcaas/.mounts/fs-08d5b24cdba02ca24/home/yilingliu/CausalTransformer/venv/lib/python3.8/site-packages/mlflow/utils/file_utils.py", line 211, in mkdir
    raise e
  File "/opt/hpcaas/.mounts/fs-08d5b24cdba02ca24/home/yilingliu/CausalTransformer/venv/lib/python3.8/site-packages/mlflow/utils/file_utils.py", line 208, in mkdir
    os.makedirs(target, exist_ok=True)
  File "/usr/lib/python3.8/os.py", line 223, in makedirs
    mkdir(name, mode)
PermissionError: [Errno 13] Permission denied: './mlruns/712563692599820190/c9774827e3ed40588b4adb7dca637b03'
2024/09/24 00:41:33 ERROR mlflow.server: Exception on /api/2.0/mlflow/runs/create [POST]
Traceback (most recent call last):
  File "/opt/hpcaas/.mounts/fs-08d5b24cdba02ca24/home/yilingliu/CausalTransformer/venv/lib/python3.8/site-packages/flask/app.py", line 1473, in wsgi_app
    response = self.full_dispatch_request()
  File "/opt/hpcaas/.mounts/fs-08d5b24cdba02ca24/home/yilingliu/CausalTransformer/venv/lib/python3.8/site-packages/flask/app.py", line 882, in full_dispatch_request
    rv = self.handle_user_exception(e)
  File "/opt/hpcaas/.mounts/fs-08d5b24cdba02ca24/home/yilingliu/CausalTransformer/venv/lib/python3.8/site-packages/flask/app.py", line 880, in full_dispatch_request
    rv = self.dispatch_request()
  File "/opt/hpcaas/.mounts/fs-08d5b24cdba02ca24/home/yilingliu/CausalTransformer/venv/lib/python3.8/site-packages/flask/app.py", line 865, in dispatch_request
    return self.ensure_sync(self.view_functions[rule.endpoint])(**view_args)  # type: ignore[no-any-return]
  File "/opt/hpcaas/.mounts/fs-08d5b24cdba02ca24/home/yilingliu/CausalTransformer/venv/lib/python3.8/site-packages/mlflow/server/handlers.py", line 566, in wrapper
    return func(*args, **kwargs)
  File "/opt/hpcaas/.mounts/fs-08d5b24cdba02ca24/home/yilingliu/CausalTransformer/venv/lib/python3.8/site-packages/mlflow/server/handlers.py", line 607, in wrapper
    return func(*args, **kwargs)
  File "/opt/hpcaas/.mounts/fs-08d5b24cdba02ca24/home/yilingliu/CausalTransformer/venv/lib/python3.8/site-packages/mlflow/server/handlers.py", line 775, in _create_run
    run = _get_tracking_store().create_run(
  File "/opt/hpcaas/.mounts/fs-08d5b24cdba02ca24/home/yilingliu/CausalTransformer/venv/lib/python3.8/site-packages/mlflow/store/tracking/file_store.py", line 662, in create_run
    mkdir(run_dir)
  File "/opt/hpcaas/.mounts/fs-08d5b24cdba02ca24/home/yilingliu/CausalTransformer/venv/lib/python3.8/site-packages/mlflow/utils/file_utils.py", line 211, in mkdir
    raise e
  File "/opt/hpcaas/.mounts/fs-08d5b24cdba02ca24/home/yilingliu/CausalTransformer/venv/lib/python3.8/site-packages/mlflow/utils/file_utils.py", line 208, in mkdir
    os.makedirs(target, exist_ok=True)
  File "/usr/lib/python3.8/os.py", line 223, in makedirs
    mkdir(name, mode)
PermissionError: [Errno 13] Permission denied: './mlruns/712563692599820190/ceafdf44a539451c845ced323c3d7acf'
2024/09/24 00:42:05 ERROR mlflow.server: Exception on /api/2.0/mlflow/runs/create [POST]
Traceback (most recent call last):
  File "/opt/hpcaas/.mounts/fs-08d5b24cdba02ca24/home/yilingliu/CausalTransformer/venv/lib/python3.8/site-packages/flask/app.py", line 1473, in wsgi_app
    response = self.full_dispatch_request()
  File "/opt/hpcaas/.mounts/fs-08d5b24cdba02ca24/home/yilingliu/CausalTransformer/venv/lib/python3.8/site-packages/flask/app.py", line 882, in full_dispatch_request
    rv = self.handle_user_exception(e)
  File "/opt/hpcaas/.mounts/fs-08d5b24cdba02ca24/home/yilingliu/CausalTransformer/venv/lib/python3.8/site-packages/flask/app.py", line 880, in full_dispatch_request
    rv = self.dispatch_request()
  File "/opt/hpcaas/.mounts/fs-08d5b24cdba02ca24/home/yilingliu/CausalTransformer/venv/lib/python3.8/site-packages/flask/app.py", line 865, in dispatch_request
    return self.ensure_sync(self.view_functions[rule.endpoint])(**view_args)  # type: ignore[no-any-return]
  File "/opt/hpcaas/.mounts/fs-08d5b24cdba02ca24/home/yilingliu/CausalTransformer/venv/lib/python3.8/site-packages/mlflow/server/handlers.py", line 566, in wrapper
    return func(*args, **kwargs)
  File "/opt/hpcaas/.mounts/fs-08d5b24cdba02ca24/home/yilingliu/CausalTransformer/venv/lib/python3.8/site-packages/mlflow/server/handlers.py", line 607, in wrapper
    return func(*args, **kwargs)
  File "/opt/hpcaas/.mounts/fs-08d5b24cdba02ca24/home/yilingliu/CausalTransformer/venv/lib/python3.8/site-packages/mlflow/server/handlers.py", line 775, in _create_run
    run = _get_tracking_store().create_run(
  File "/opt/hpcaas/.mounts/fs-08d5b24cdba02ca24/home/yilingliu/CausalTransformer/venv/lib/python3.8/site-packages/mlflow/store/tracking/file_store.py", line 662, in create_run
    mkdir(run_dir)
  File "/opt/hpcaas/.mounts/fs-08d5b24cdba02ca24/home/yilingliu/CausalTransformer/venv/lib/python3.8/site-packages/mlflow/utils/file_utils.py", line 211, in mkdir
    raise e
  File "/opt/hpcaas/.mounts/fs-08d5b24cdba02ca24/home/yilingliu/CausalTransformer/venv/lib/python3.8/site-packages/mlflow/utils/file_utils.py", line 208, in mkdir
    os.makedirs(target, exist_ok=True)
  File "/usr/lib/python3.8/os.py", line 223, in makedirs
    mkdir(name, mode)
PermissionError: [Errno 13] Permission denied: './mlruns/712563692599820190/2927c5aee009469185d381540113fd1a'

Error executing job with overrides: ['+dataset=cancer_sim', '+backbone=crn', "+backbone/crn_hparams/cancer_sim_subgroup='0'", 'exp.seed=10']
urllib3.exceptions.ResponseError: too many 500 error responses

The above exception was the direct cause of the following exception:

Traceback (most recent call last):
  File "/opt/hpcaas/.mounts/fs-08d5b24cdba02ca24/home/yilingliu/CausalTransformer/venv/lib/python3.8/site-packages/requests/adapters.py", line 667, in send
    resp = conn.urlopen(
  File "/opt/hpcaas/.mounts/fs-08d5b24cdba02ca24/home/yilingliu/CausalTransformer/venv/lib/python3.8/site-packages/urllib3/connectionpool.py", line 944, in urlopen
    return self.urlopen(
  File "/opt/hpcaas/.mounts/fs-08d5b24cdba02ca24/home/yilingliu/CausalTransformer/venv/lib/python3.8/site-packages/urllib3/connectionpool.py", line 944, in urlopen
    return self.urlopen(
  File "/opt/hpcaas/.mounts/fs-08d5b24cdba02ca24/home/yilingliu/CausalTransformer/venv/lib/python3.8/site-packages/urllib3/connectionpool.py", line 944, in urlopen
    return self.urlopen(
  [Previous line repeated 2 more times]
  File "/opt/hpcaas/.mounts/fs-08d5b24cdba02ca24/home/yilingliu/CausalTransformer/venv/lib/python3.8/site-packages/urllib3/connectionpool.py", line 934, in urlopen
    retries = retries.increment(method, url, response=response, _pool=self)
  File "/opt/hpcaas/.mounts/fs-08d5b24cdba02ca24/home/yilingliu/CausalTransformer/venv/lib/python3.8/site-packages/urllib3/util/retry.py", line 519, in increment
    raise MaxRetryError(_pool, url, reason) from reason  # type: ignore[arg-type]
urllib3.exceptions.MaxRetryError: HTTPConnectionPool(host='127.0.0.1', port=5000): Max retries exceeded with url: /api/2.0/mlflow/runs/create (Caused by ResponseError('too many 500 error responses'))

During handling of the above exception, another exception occurred:

Traceback (most recent call last):
  File "/opt/hpcaas/.mounts/fs-08d5b24cdba02ca24/home/yilingliu/CausalTransformer/venv/lib/python3.8/site-packages/mlflow/utils/rest_utils.py", line 187, in http_request
    return _get_http_response_with_retries(
  File "/opt/hpcaas/.mounts/fs-08d5b24cdba02ca24/home/yilingliu/CausalTransformer/venv/lib/python3.8/site-packages/mlflow/utils/request_utils.py", line 237, in _get_http_response_with_retries
    return session.request(method, url, allow_redirects=allow_redirects, **kwargs)
  File "/opt/hpcaas/.mounts/fs-08d5b24cdba02ca24/home/yilingliu/CausalTransformer/venv/lib/python3.8/site-packages/requests/sessions.py", line 589, in request
    resp = self.send(prep, **send_kwargs)
  File "/opt/hpcaas/.mounts/fs-08d5b24cdba02ca24/home/yilingliu/CausalTransformer/venv/lib/python3.8/site-packages/requests/sessions.py", line 703, in send
    r = adapter.send(request, **kwargs)
  File "/opt/hpcaas/.mounts/fs-08d5b24cdba02ca24/home/yilingliu/CausalTransformer/venv/lib/python3.8/site-packages/requests/adapters.py", line 691, in send
    raise RetryError(e, request=request)
requests.exceptions.RetryError: HTTPConnectionPool(host='127.0.0.1', port=5000): Max retries exceeded with url: /api/2.0/mlflow/runs/create (Caused by ResponseError('too many 500 error responses'))

During handling of the above exception, another exception occurred:

Traceback (most recent call last):
  File "runnables/train_enc_dec.py", line 54, in main
    artifacts_path = hydra.utils.to_absolute_path(mlf_logger.experiment.get_run(mlf_logger.run_id).info.artifact_uri)
  File "/opt/hpcaas/.mounts/fs-08d5b24cdba02ca24/home/yilingliu/CausalTransformer/venv/lib/python3.8/site-packages/pytorch_lightning/loggers/base.py", line 42, in experiment
    return get_experiment() or DummyExperiment()
  File "/opt/hpcaas/.mounts/fs-08d5b24cdba02ca24/home/yilingliu/CausalTransformer/venv/lib/python3.8/site-packages/pytorch_lightning/utilities/distributed.py", line 48, in wrapped_fn
    return fn(*args, **kwargs)
  File "/opt/hpcaas/.mounts/fs-08d5b24cdba02ca24/home/yilingliu/CausalTransformer/venv/lib/python3.8/site-packages/pytorch_lightning/loggers/base.py", line 40, in get_experiment
    return fn(self)
  File "/opt/hpcaas/.mounts/fs-08d5b24cdba02ca24/home/yilingliu/CausalTransformer/venv/lib/python3.8/site-packages/pytorch_lightning/loggers/mlflow.py", line 170, in experiment
    run = self._mlflow_client.create_run(experiment_id=self._experiment_id, tags=resolve_tags(self.tags))
  File "/opt/hpcaas/.mounts/fs-08d5b24cdba02ca24/home/yilingliu/CausalTransformer/venv/lib/python3.8/site-packages/mlflow/tracking/client.py", line 393, in create_run
    return self._tracking_client.create_run(experiment_id, start_time, tags, run_name)
  File "/opt/hpcaas/.mounts/fs-08d5b24cdba02ca24/home/yilingliu/CausalTransformer/venv/lib/python3.8/site-packages/mlflow/tracking/_tracking_service/client.py", line 167, in create_run
    return self.store.create_run(
  File "/opt/hpcaas/.mounts/fs-08d5b24cdba02ca24/home/yilingliu/CausalTransformer/venv/lib/python3.8/site-packages/mlflow/store/tracking/rest_store.py", line 208, in create_run
    response_proto = self._call_endpoint(CreateRun, req_body)
  File "/opt/hpcaas/.mounts/fs-08d5b24cdba02ca24/home/yilingliu/CausalTransformer/venv/lib/python3.8/site-packages/mlflow/store/tracking/rest_store.py", line 81, in _call_endpoint
    return call_endpoint(self.get_host_creds(), endpoint, method, json_body, response_proto)
  File "/opt/hpcaas/.mounts/fs-08d5b24cdba02ca24/home/yilingliu/CausalTransformer/venv/lib/python3.8/site-packages/mlflow/utils/rest_utils.py", line 360, in call_endpoint
    response = http_request(**call_kwargs)
  File "/opt/hpcaas/.mounts/fs-08d5b24cdba02ca24/home/yilingliu/CausalTransformer/venv/lib/python3.8/site-packages/mlflow/utils/rest_utils.py", line 210, in http_request
    raise MlflowException(f"API request to {url} failed with exception {e}")
mlflow.exceptions.MlflowException: API request to http://127.0.0.1:5000/api/2.0/mlflow/runs/create failed with exception HTTPConnectionPool(host='127.0.0.1', port=5000): Max retries exceeded with url: /api/2.0/mlflow/runs/create (Caused by ResponseError('too many 500 error responses'))

Set the environment variable HYDRA_FULL_ERROR=1 for a complete stack trace.
